#
# A fatal error has been detected by the Java Runtime Environment:
#
#  EXCEPTION_ACCESS_VIOLATION (0xc0000005) at pc=0x00007ffe6fce2346, pid=29432, tid=33588
#
# JRE version: OpenJDK Runtime Environment (11.0.13) (build 11.0.13+0-b1751.21-8125866)
# Java VM: OpenJDK 64-Bit Server VM (11.0.13+0-b1751.21-8125866, mixed mode, tiered, compressed oops, g1 gc, windows-amd64)
# Problematic frame:
# V  [jvm.dll+0x192346]
#
# No core dump will be written. Minidumps are not enabled by default on client versions of Windows
#
# If you would like to submit a bug report, please visit:
#   https://bugreport.java.com/bugreport/crash.jsp
#

---------------  S U M M A R Y ------------

Command Line: --add-opens=java.base/java.util=ALL-UNNAMED --add-opens=java.base/java.lang=ALL-UNNAMED --add-opens=java.base/java.lang.invoke=ALL-UNNAMED --add-opens=java.base/java.util=ALL-UNNAMED --add-opens=java.prefs/java.util.prefs=ALL-UNNAMED --add-opens=java.prefs/java.util.prefs=ALL-UNNAMED --add-opens=java.base/java.nio.charset=ALL-UNNAMED --add-opens=java.base/java.net=ALL-UNNAMED --add-opens=java.base/java.util.concurrent.atomic=ALL-UNNAMED -Xmx2048m -Dfile.encoding=UTF-8 -Duser.country=FR -Duser.language=fr -Duser.variant org.gradle.launcher.daemon.bootstrap.GradleDaemon 7.4

Host: AMD Ryzen 5 3500U with Radeon Vega Mobile Gfx  , 8 cores, 6G,  Windows 11 , 64 bit Build 22621 (10.0.22621.1635)
Time: Wed May 24 17:03:46 2023 Paris, Madrid (heure d’été) elapsed time: 21.826569 seconds (0d 0h 0m 21s)

---------------  T H R E A D  ---------------

Current thread (0x000001cceb6d0800):  ConcurrentGCThread "G1 Conc#1" [stack: 0x0000003fd8900000,0x0000003fd8a00000] [id=33588]

Stack: [0x0000003fd8900000,0x0000003fd8a00000],  sp=0x0000003fd89ff318,  free space=1020k
Native frames: (J=compiled Java code, j=interpreted, Vv=VM code, C=native code)
V  [jvm.dll+0x192346]


siginfo: EXCEPTION_ACCESS_VIOLATION (0xc0000005), reading address 0x000000040cfc4848


Register to memory mapping:

RIP=0x00007ffe6fce2346 jvm.dll
RAX=0x00a2082200000001 is an unknown value
RBX=0x00000000811fa130 is pointing into object: com.sun.beans.util.Cache$Kind$Soft 
{0x00000000811fa128} - klass: 'com/sun/beans/util/Cache$Kind$Soft'
RCX=0x00000000811fa130 is pointing into object: com.sun.beans.util.Cache$Kind$Soft 
{0x00000000811fa128} - klass: 'com/sun/beans/util/Cache$Kind$Soft'
RDX=0x00000000811fa130 is pointing into object: com.sun.beans.util.Cache$Kind$Soft 
{0x00000000811fa128} - klass: 'com/sun/beans/util/Cache$Kind$Soft'
RSP=0x0000003fd89ff318 points into unknown readable memory: 0x00007ffe6fe350ba | ba 50 e3 6f fe 7f 00 00
RBP=0x000001cccd02ad80 points into unknown readable memory: 0x000001cccd033800 | 00 38 03 cd cc 01 00 00
RSI=0x0000000000000001 is an unknown value
RDI=0x0 is NULL
R8 =0x00a2082200000000 is an unknown value
R9 =0x000000040cfc4840 is an unknown value
R10=0x000001cccd02ad80 points into unknown readable memory: 0x000001cccd033800 | 00 38 03 cd cc 01 00 00
R11=0x346dc5d63886594b is an unknown value
R12=0x000000000000000c is an unknown value
R13=0xaaaaaaaaaaaaaaab is an unknown value
R14=0x0000000000000001 is an unknown value
R15=0x00000000811fa908 is an oop: com.sun.beans.introspect.PropertyInfo 
{0x00000000811fa908} - klass: 'com/sun/beans/introspect/PropertyInfo'


Registers:
RAX=0x00a2082200000001, RBX=0x00000000811fa130, RCX=0x00000000811fa130, RDX=0x00000000811fa130
RSP=0x0000003fd89ff318, RBP=0x000001cccd02ad80, RSI=0x0000000000000001, RDI=0x0000000000000000
R8 =0x00a2082200000000, R9 =0x000000040cfc4840, R10=0x000001cccd02ad80, R11=0x346dc5d63886594b
R12=0x000000000000000c, R13=0xaaaaaaaaaaaaaaab, R14=0x0000000000000001, R15=0x00000000811fa908
RIP=0x00007ffe6fce2346, EFLAGS=0x0000000000010202

Top of Stack: (sp=0x0000003fd89ff318)
0x0000003fd89ff318:   00007ffe6fe350ba 00000000811fa130
0x0000003fd89ff328:   00000001004b8650 000001cccd03b390
0x0000003fd89ff338:   000001cccae4a5f0 00000001004b8658
0x0000003fd89ff348:   00007ffe6fe34f66 00000001004b8650
0x0000003fd89ff358:   00000000811fa130 000001cccae4a5f0
0x0000003fd89ff368:   0000003fd89ff558 0000000000000000
0x0000003fd89ff378:   0000003fd89ff558 00000000811fa930
0x0000003fd89ff388:   00007ffe6fe2cdcd 0000000000000005
0x0000003fd89ff398:   00000000811fa918 0000003fd89ff558
0x0000003fd89ff3a8:   000001cce93fe801 0000003fd89ff530
0x0000003fd89ff3b8:   000001cce93fe801 00000001004b8448
0x0000003fd89ff3c8:   00007ffe6fe2c681 0000000000000005
0x0000003fd89ff3d8:   0000003fd89ff558 00000000811fa908
0x0000003fd89ff3e8:   aaaaaaaaaaaaaaab 00000000811fa908
0x0000003fd89ff3f8:   00007ffe6fe3ac0f 000001cccae4a5f0
0x0000003fd89ff408:   0000000000340000 0000000000000000 

Instructions: (pc=0x00007ffe6fce2346)
0x00007ffe6fce2246:   48 89 5c 24 20 e8 f0 00 00 00 80 7f 30 00 48 63
0x00007ffe6fce2256:   c8 48 89 4c 24 28 0f 28 44 24 20 74 17 0f 11 86
0x00007ffe6fce2266:   98 03 00 00 48 8b 5c 24 40 48 8b 74 24 48 48 83
0x00007ffe6fce2276:   c4 30 5f c3 48 8b 07 48 8d 54 24 20 48 8b cf 66
0x00007ffe6fce2286:   0f 7f 44 24 20 ff 50 38 48 8b 5c 24 40 48 8b 74
0x00007ffe6fce2296:   24 48 48 83 c4 30 5f c3 cc cc 40 53 48 83 ec 30
0x00007ffe6fce22a6:   0f 10 82 98 03 00 00 48 8b da 0f 10 c8 66 0f 73
0x00007ffe6fce22b6:   d9 08 66 48 0f 7e c8 48 85 c0 74 28 48 8b 01 48
0x00007ffe6fce22c6:   8d 54 24 20 0f 29 44 24 20 ff 50 40 33 c0 48 89
0x00007ffe6fce22d6:   44 24 20 48 89 44 24 28 0f 10 44 24 20 0f 11 83
0x00007ffe6fce22e6:   98 03 00 00 48 83 c4 30 5b c3 48 8b 49 38 48 8b
0x00007ffe6fce22f6:   01 48 ff 60 28 cc cc cc cc cc 80 3d d2 5e 89 00
0x00007ffe6fce2306:   00 48 8b c1 74 1b 8b 51 08 8b 0d 03 cb 84 00 48
0x00007ffe6fce2316:   d3 e2 48 8b c8 48 03 15 ee ca 84 00 e9 19 00 00
0x00007ffe6fce2326:   00 48 8b 51 08 48 8b c8 e9 0d 00 00 00 cc cc cc
0x00007ffe6fce2336:   cc cc cc cc cc cc cc cc cc cc 4c 8b ca 48 8b d1
0x00007ffe6fce2346:   45 8b 41 08 45 85 c0 7e 0e 41 f6 c0 01 75 59 41
0x00007ffe6fce2356:   c1 f8 03 41 8b c0 c3 79 4f 80 3d 73 5e 89 00 00
0x00007ffe6fce2366:   b8 0c 00 00 00 b9 10 00 00 00 0f 45 c8 8b 05 1b
0x00007ffe6fce2376:   14 83 00 ff c8 4c 63 c8 48 63 c1 41 8b c8 83 e1
0x00007ffe6fce2386:   3f 48 63 14 10 41 8b c0 48 c1 f8 10 0f b6 c0 48
0x00007ffe6fce2396:   d3 e2 49 8d 0c 11 49 f7 d1 48 03 c1 49 c1 e9 03
0x00007ffe6fce23a6:   48 c1 e8 03 41 23 c1 c3 49 8b 01 49 8b c9 48 ff
0x00007ffe6fce23b6:   a0 10 01 00 00 cc cc cc cc cc 48 8b c2 c3 cc cc
0x00007ffe6fce23c6:   cc cc cc cc cc cc cc cc cc cc 48 83 ec 38 48 8b
0x00007ffe6fce23d6:   41 38 80 78 08 00 74 00 0f 10 02 48 8b 49 38 48
0x00007ffe6fce23e6:   8d 54 24 20 0f 29 44 24 20 e8 3c f0 ff ff 48 83
0x00007ffe6fce23f6:   c4 38 c3 cc cc cc cc cc cc cc 48 83 ec 38 0f 10
0x00007ffe6fce2406:   02 48 8b 01 48 8d 54 24 20 0f 29 44 24 20 ff 50
0x00007ffe6fce2416:   38 48 83 c4 38 c3 cc cc cc cc 48 89 5c 24 08 55
0x00007ffe6fce2426:   56 57 41 54 41 55 41 56 41 57 48 8d 6c 24 e0 48
0x00007ffe6fce2436:   81 ec 20 01 00 00 48 8b 05 4d 51 86 00 48 33 c4 


Stack slot to memory mapping:
stack at sp + 0 slots: 0x00007ffe6fe350ba jvm.dll
stack at sp + 1 slots: 0x00000000811fa130 is pointing into object: com.sun.beans.util.Cache$Kind$Soft 
{0x00000000811fa128} - klass: 'com/sun/beans/util/Cache$Kind$Soft'
stack at sp + 2 slots: 0x00000001004b8650 is pointing into metadata
stack at sp + 3 slots: 0x000001cccd03b390 points into unknown readable memory: 0x000001cc00000054 | 54 00 00 00 cc 01 00 00
stack at sp + 4 slots: 0x000001cccae4a5f0 points into unknown readable memory: 0x00007ffe70399640 | 40 96 39 70 fe 7f 00 00
stack at sp + 5 slots: 0x00000001004b8658 is a pointer to class: 
com.sun.beans.WildcardTypeImpl {0x00000001004b8660}
stack at sp + 6 slots: 0x00007ffe6fe34f66 jvm.dll
stack at sp + 7 slots: 0x00000001004b8650 is pointing into metadata


---------------  P R O C E S S  ---------------

Threads class SMR info:
_java_thread_list=0x000001cceacb5720, length=122, elements={
0x000001ccccfe8800, 0x000001cce749d800, 0x000001cce74ab000, 0x000001cce7e52800,
0x000001cce74b9800, 0x000001cce74ba800, 0x000001cce74bd800, 0x000001cce74c2000,
0x000001cce74cb000, 0x000001cce7fb5000, 0x000001cce907b000, 0x000001cce97ba800,
0x000001ccea0ac000, 0x000001ccea1cb000, 0x000001cceb3f7800, 0x000001cceabfa000,
0x000001cceaa72800, 0x000001cceb558000, 0x000001ccead78800, 0x000001cce8ffc800,
0x000001cce9e1d000, 0x000001cce9e1b000, 0x000001cce9e1a000, 0x000001cce9e1b800,
0x000001cce9e1e000, 0x000001cce9e18800, 0x000001cce9e1f000, 0x000001cce9e1c800,
0x000001cce9e19000, 0x000001cceab60800, 0x000001cceab62000, 0x000001cceab5f000,
0x000001cceab61800, 0x000001cceab64000, 0x000001cceab64800, 0x000001cceab65800,
0x000001cceab60000, 0x000001cceab66800, 0x000001cceab6a800, 0x000001cceab67000,
0x000001cceab69800, 0x000001cceab6c000, 0x000001cceab6b000, 0x000001cceab68000,
0x000001cceab69000, 0x000001cceab6d000, 0x000001cceb1a1800, 0x000001cceb1a5000,
0x000001cceb1a8000, 0x000001cceb1a4000, 0x000001cceb1a6800, 0x000001cceb1a2800,
0x000001cceb1a5800, 0x000001cceb1a7800, 0x000001cceb1a9000, 0x000001cceb1a3800,
0x000001cceb1ad000, 0x000001cceb1ac800, 0x000001cceb1ae000, 0x000001cceb1ae800,
0x000001cceb1af800, 0x000001cceb1aa000, 0x000001cceb1b0800, 0x000001cceb1aa800,
0x000001cceb1ab800, 0x000001ccef40b800, 0x000001ccef410000, 0x000001ccef40b000,
0x000001ccef40a000, 0x000001ccef410800, 0x000001ccef40c800, 0x000001ccef412800,
0x000001ccef413000, 0x000001ccef40e000, 0x000001ccef411800, 0x000001ccef40d800,
0x000001ccef414800, 0x000001ccef414000, 0x000001ccef40f000, 0x000001ccef415800,
0x000001ccef419000, 0x000001ccef416800, 0x000001ccef417000, 0x000001ccef418000,
0x000001ccee09e000, 0x000001ccee09f800, 0x000001ccee09c000, 0x000001ccee09e800,
0x000001ccee0a0800, 0x000001ccee0a1000, 0x000001ccee0a2000, 0x000001ccee0a3000,
0x000001ccee09d000, 0x000001ccee0a8800, 0x000001ccee0a7800, 0x000001ccee0a5000,
0x000001ccee0a6000, 0x000001ccee0a7000, 0x000001ccee0a9800, 0x000001ccee0a3800,
0x000001ccee0a4800, 0x000001ccee0aa000, 0x000001ccee0ab000, 0x000001cceb60d800,
0x000001cceb60e000, 0x000001cceb60f000, 0x000001cceb609000, 0x000001cceb60c800,
0x000001cceb60b000, 0x000001cceb60f800, 0x000001cceb60b800, 0x000001cceb60a000,
0x000001cceb616800, 0x000001cceb614800, 0x000001cceb612000, 0x000001cceb614000,
0x000001cceb613000, 0x000001cceb615800, 0x000001cceb610800, 0x000001cceb617000,
0x000001cceb611800, 0x000001cceb618000
}

Java Threads: ( => current thread )
  0x000001ccccfe8800 JavaThread "main" [_thread_blocked, id=3624, stack(0x0000003fd6300000,0x0000003fd6400000)]
  0x000001cce749d800 JavaThread "Reference Handler" daemon [_thread_blocked, id=24624, stack(0x0000003fd6a00000,0x0000003fd6b00000)]
  0x000001cce74ab000 JavaThread "Finalizer" daemon [_thread_blocked, id=23116, stack(0x0000003fd6b00000,0x0000003fd6c00000)]
  0x000001cce7e52800 JavaThread "Signal Dispatcher" daemon [_thread_blocked, id=26176, stack(0x0000003fd6c00000,0x0000003fd6d00000)]
  0x000001cce74b9800 JavaThread "Attach Listener" daemon [_thread_blocked, id=25996, stack(0x0000003fd6d00000,0x0000003fd6e00000)]
  0x000001cce74ba800 JavaThread "Service Thread" daemon [_thread_blocked, id=10192, stack(0x0000003fd6e00000,0x0000003fd6f00000)]
  0x000001cce74bd800 JavaThread "C2 CompilerThread0" daemon [_thread_in_native, id=25952, stack(0x0000003fd6f00000,0x0000003fd7000000)]
  0x000001cce74c2000 JavaThread "C1 CompilerThread0" daemon [_thread_blocked, id=16084, stack(0x0000003fd7000000,0x0000003fd7100000)]
  0x000001cce74cb000 JavaThread "Sweeper thread" daemon [_thread_blocked, id=7596, stack(0x0000003fd7100000,0x0000003fd7200000)]
  0x000001cce7fb5000 JavaThread "Common-Cleaner" daemon [_thread_blocked, id=18824, stack(0x0000003fd7200000,0x0000003fd7300000)]
  0x000001cce907b000 JavaThread "Daemon health stats" [_thread_blocked, id=27088, stack(0x0000003fd7600000,0x0000003fd7700000)]
  0x000001cce97ba800 JavaThread "Incoming local TCP Connector on port 53517" [_thread_in_native, id=29216, stack(0x0000003fd7500000,0x0000003fd7600000)]
  0x000001ccea0ac000 JavaThread "Daemon periodic checks" [_thread_blocked, id=4256, stack(0x0000003fd7700000,0x0000003fd7800000)]
  0x000001ccea1cb000 JavaThread "Daemon" [_thread_blocked, id=31104, stack(0x0000003fd7800000,0x0000003fd7900000)]
  0x000001cceb3f7800 JavaThread "Handler for socket connection from /127.0.0.1:53517 to /127.0.0.1:53518" [_thread_in_native, id=8480, stack(0x0000003fd7900000,0x0000003fd7a00000)]
  0x000001cceabfa000 JavaThread "Cancel handler" [_thread_blocked, id=8952, stack(0x0000003fd7a00000,0x0000003fd7b00000)]
  0x000001cceaa72800 JavaThread "Daemon worker" [_thread_blocked, id=26208, stack(0x0000003fd7b00000,0x0000003fd7c00000)]
  0x000001cceb558000 JavaThread "Asynchronous log dispatcher for DefaultDaemonConnection: socket connection from /127.0.0.1:53517 to /127.0.0.1:53518" [_thread_blocked, id=17912, stack(0x0000003fd7c00000,0x0000003fd7d00000)]
  0x000001ccead78800 JavaThread "Stdin handler" [_thread_blocked, id=28960, stack(0x0000003fd7d00000,0x0000003fd7e00000)]
  0x000001cce8ffc800 JavaThread "Daemon client event forwarder" [_thread_blocked, id=1296, stack(0x0000003fd7e00000,0x0000003fd7f00000)]
  0x000001cce9e1d000 JavaThread "Cache worker for journal cache (C:\Users\richa\.gradle\caches\journal-1)" [_thread_blocked, id=6860, stack(0x0000003fd8600000,0x0000003fd8700000)]
  0x000001cce9e1b000 JavaThread "File lock request listener" [_thread_in_native, id=13960, stack(0x0000003fd8700000,0x0000003fd8800000)]
  0x000001cce9e1a000 JavaThread "Cache worker for file hash cache (C:\Users\richa\.gradle\caches\7.4\fileHashes)" [_thread_blocked, id=24756, stack(0x0000003fd8800000,0x0000003fd8900000)]
  0x000001cce9e1b800 JavaThread "File watcher server" daemon [_thread_in_native, id=16336, stack(0x0000003fd8a00000,0x0000003fd8b00000)]
  0x000001cce9e1e000 JavaThread "File watcher consumer" daemon [_thread_blocked, id=29496, stack(0x0000003fd8b00000,0x0000003fd8c00000)]
  0x000001cce9e18800 JavaThread "Cache worker for checksums cache (C:\Users\richa\AndroidStudioProjects\TrouveTonClubV1\.gradle\7.4\checksums)" [_thread_blocked, id=18232, stack(0x0000003fd8c00000,0x0000003fd8d00000)]
  0x000001cce9e1f000 JavaThread "Cache worker for cache directory md-rule (C:\Users\richa\.gradle\caches\7.4\md-rule)" [_thread_blocked, id=24056, stack(0x0000003fd8d00000,0x0000003fd8e00000)]
  0x000001cce9e1c800 JavaThread "Cache worker for file hash cache (C:\Users\richa\AndroidStudioProjects\TrouveTonClubV1\.gradle\7.4\fileHashes)" [_thread_blocked, id=21844, stack(0x0000003fd8e00000,0x0000003fd8f00000)]
  0x000001cce9e19000 JavaThread "Cache worker for cache directory md-supplier (C:\Users\richa\.gradle\caches\7.4\md-supplier)" [_thread_blocked, id=30620, stack(0x0000003fd8f00000,0x0000003fd9000000)]
  0x000001cceab60800 JavaThread "Cache worker for execution history cache (C:\Users\richa\.gradle\caches\7.4\executionHistory)" [_thread_blocked, id=17472, stack(0x0000003fd9000000,0x0000003fd9100000)]
  0x000001cceab62000 JavaThread "jar transforms" [_thread_blocked, id=32240, stack(0x0000003fd9100000,0x0000003fd9200000)]
  0x000001cceab5f000 JavaThread "Cache worker for file content cache (C:\Users\richa\.gradle\caches\7.4\fileContent)" [_thread_blocked, id=24400, stack(0x0000003fd9200000,0x0000003fd9300000)]
  0x000001cceab61800 JavaThread "jar transforms Thread 2" [_thread_blocked, id=11788, stack(0x0000003fd9300000,0x0000003fd9400000)]
  0x000001cceab64000 JavaThread "Cache worker for dependencies-accessors (C:\Users\richa\AndroidStudioProjects\TrouveTonClubV1\.gradle\7.4\dependencies-accessors)" [_thread_blocked, id=29868, stack(0x0000003fd9400000,0x0000003fd9500000)]
  0x000001cceab64800 JavaThread "jar transforms Thread 3" [_thread_blocked, id=33476, stack(0x0000003fd9500000,0x0000003fd9600000)]
  0x000001cceab65800 JavaThread "Cache worker for Build Output Cleanup Cache (C:\Users\richa\AndroidStudioProjects\TrouveTonClubV1\.gradle\buildOutputCleanup)" [_thread_blocked, id=33520, stack(0x0000003fd9600000,0x0000003fd9700000)]
  0x000001cceab60000 JavaThread "Unconstrained build operations" [_thread_blocked, id=12124, stack(0x0000003fd7f00000,0x0000003fd8000000)]
  0x000001cceab66800 JavaThread "Unconstrained build operations Thread 2" [_thread_blocked, id=28660, stack(0x0000003fd9700000,0x0000003fd9800000)]
  0x000001cceab6a800 JavaThread "Unconstrained build operations Thread 3" [_thread_blocked, id=24680, stack(0x0000003fd9800000,0x0000003fd9900000)]
  0x000001cceab67000 JavaThread "Unconstrained build operations Thread 4" [_thread_blocked, id=31464, stack(0x0000003fd9900000,0x0000003fd9a00000)]
  0x000001cceab69800 JavaThread "Unconstrained build operations Thread 5" [_thread_blocked, id=25160, stack(0x0000003fd9a00000,0x0000003fd9b00000)]
  0x000001cceab6c000 JavaThread "Unconstrained build operations Thread 6" [_thread_blocked, id=26344, stack(0x0000003fd9b00000,0x0000003fd9c00000)]
  0x000001cceab6b000 JavaThread "Unconstrained build operations Thread 7" [_thread_blocked, id=19924, stack(0x0000003fd9c00000,0x0000003fd9d00000)]
  0x000001cceab68000 JavaThread "Unconstrained build operations Thread 8" [_thread_blocked, id=29688, stack(0x0000003fd9d00000,0x0000003fd9e00000)]
  0x000001cceab69000 JavaThread "Unconstrained build operations Thread 9" [_thread_blocked, id=25648, stack(0x0000003fd9e00000,0x0000003fd9f00000)]
  0x000001cceab6d000 JavaThread "Unconstrained build operations Thread 10" [_thread_blocked, id=33220, stack(0x0000003fd9f00000,0x0000003fda000000)]
  0x000001cceb1a1800 JavaThread "Unconstrained build operations Thread 11" [_thread_blocked, id=27636, stack(0x0000003fda000000,0x0000003fda100000)]
  0x000001cceb1a5000 JavaThread "Unconstrained build operations Thread 12" [_thread_blocked, id=30048, stack(0x0000003fda100000,0x0000003fda200000)]
  0x000001cceb1a8000 JavaThread "Unconstrained build operations Thread 13" [_thread_blocked, id=2596, stack(0x0000003fda200000,0x0000003fda300000)]
  0x000001cceb1a4000 JavaThread "Unconstrained build operations Thread 14" [_thread_blocked, id=32016, stack(0x0000003fda300000,0x0000003fda400000)]
  0x000001cceb1a6800 JavaThread "Unconstrained build operations Thread 15" [_thread_blocked, id=19648, stack(0x0000003fda400000,0x0000003fda500000)]
  0x000001cceb1a2800 JavaThread "Unconstrained build operations Thread 16" [_thread_blocked, id=17364, stack(0x0000003fda500000,0x0000003fda600000)]
  0x000001cceb1a5800 JavaThread "Unconstrained build operations Thread 17" [_thread_blocked, id=32548, stack(0x0000003fda600000,0x0000003fda700000)]
  0x000001cceb1a7800 JavaThread "Unconstrained build operations Thread 18" [_thread_blocked, id=3944, stack(0x0000003fda700000,0x0000003fda800000)]
  0x000001cceb1a9000 JavaThread "Unconstrained build operations Thread 19" [_thread_blocked, id=33764, stack(0x0000003fda800000,0x0000003fda900000)]
  0x000001cceb1a3800 JavaThread "Unconstrained build operations Thread 20" [_thread_blocked, id=20964, stack(0x0000003fda900000,0x0000003fdaa00000)]
  0x000001cceb1ad000 JavaThread "Unconstrained build operations Thread 21" [_thread_blocked, id=33584, stack(0x0000003fdaa00000,0x0000003fdab00000)]
  0x000001cceb1ac800 JavaThread "Unconstrained build operations Thread 22" [_thread_blocked, id=20196, stack(0x0000003fdab00000,0x0000003fdac00000)]
  0x000001cceb1ae000 JavaThread "Unconstrained build operations Thread 23" [_thread_blocked, id=9212, stack(0x0000003fdac00000,0x0000003fdad00000)]
  0x000001cceb1ae800 JavaThread "Unconstrained build operations Thread 24" [_thread_blocked, id=33164, stack(0x0000003fdad00000,0x0000003fdae00000)]
  0x000001cceb1af800 JavaThread "Unconstrained build operations Thread 25" [_thread_blocked, id=30624, stack(0x0000003fdae00000,0x0000003fdaf00000)]
  0x000001cceb1aa000 JavaThread "Unconstrained build operations Thread 26" [_thread_blocked, id=13896, stack(0x0000003fdaf00000,0x0000003fdb000000)]
  0x000001cceb1b0800 JavaThread "Unconstrained build operations Thread 27" [_thread_blocked, id=18556, stack(0x0000003fdb000000,0x0000003fdb100000)]
  0x000001cceb1aa800 JavaThread "Unconstrained build operations Thread 28" [_thread_blocked, id=13064, stack(0x0000003fdb100000,0x0000003fdb200000)]
  0x000001cceb1ab800 JavaThread "Unconstrained build operations Thread 29" [_thread_blocked, id=22072, stack(0x0000003fdb200000,0x0000003fdb300000)]
  0x000001ccef40b800 JavaThread "Unconstrained build operations Thread 30" [_thread_blocked, id=30148, stack(0x0000003fdb300000,0x0000003fdb400000)]
  0x000001ccef410000 JavaThread "Unconstrained build operations Thread 31" [_thread_blocked, id=26676, stack(0x0000003fdb400000,0x0000003fdb500000)]
  0x000001ccef40b000 JavaThread "Unconstrained build operations Thread 32" [_thread_blocked, id=31756, stack(0x0000003fdb500000,0x0000003fdb600000)]
  0x000001ccef40a000 JavaThread "Unconstrained build operations Thread 33" [_thread_blocked, id=20260, stack(0x0000003fdb600000,0x0000003fdb700000)]
  0x000001ccef410800 JavaThread "Unconstrained build operations Thread 34" [_thread_blocked, id=29064, stack(0x0000003fdb700000,0x0000003fdb800000)]
  0x000001ccef40c800 JavaThread "Unconstrained build operations Thread 35" [_thread_blocked, id=20020, stack(0x0000003fdb800000,0x0000003fdb900000)]
  0x000001ccef412800 JavaThread "Unconstrained build operations Thread 36" [_thread_blocked, id=29780, stack(0x0000003fdb900000,0x0000003fdba00000)]
  0x000001ccef413000 JavaThread "Unconstrained build operations Thread 37" [_thread_blocked, id=3248, stack(0x0000003fdba00000,0x0000003fdbb00000)]
  0x000001ccef40e000 JavaThread "Unconstrained build operations Thread 38" [_thread_blocked, id=10832, stack(0x0000003fdbb00000,0x0000003fdbc00000)]
  0x000001ccef411800 JavaThread "Unconstrained build operations Thread 39" [_thread_blocked, id=31132, stack(0x0000003fdbc00000,0x0000003fdbd00000)]
  0x000001ccef40d800 JavaThread "Unconstrained build operations Thread 40" [_thread_blocked, id=31416, stack(0x0000003fdbd00000,0x0000003fdbe00000)]
  0x000001ccef414800 JavaThread "Unconstrained build operations Thread 41" [_thread_blocked, id=25468, stack(0x0000003fdbe00000,0x0000003fdbf00000)]
  0x000001ccef414000 JavaThread "Unconstrained build operations Thread 42" [_thread_blocked, id=29072, stack(0x0000003fdbf00000,0x0000003fdc000000)]
  0x000001ccef40f000 JavaThread "Unconstrained build operations Thread 43" [_thread_blocked, id=26916, stack(0x0000003fdc000000,0x0000003fdc100000)]
  0x000001ccef415800 JavaThread "Unconstrained build operations Thread 44" [_thread_blocked, id=27748, stack(0x0000003fdc100000,0x0000003fdc200000)]
  0x000001ccef419000 JavaThread "Unconstrained build operations Thread 45" [_thread_blocked, id=32408, stack(0x0000003fdc200000,0x0000003fdc300000)]
  0x000001ccef416800 JavaThread "Unconstrained build operations Thread 46" [_thread_blocked, id=31628, stack(0x0000003fdc300000,0x0000003fdc400000)]
  0x000001ccef417000 JavaThread "Unconstrained build operations Thread 47" [_thread_blocked, id=30528, stack(0x0000003fdc400000,0x0000003fdc500000)]
  0x000001ccef418000 JavaThread "Unconstrained build operations Thread 48" [_thread_blocked, id=32448, stack(0x0000003fdc500000,0x0000003fdc600000)]
  0x000001ccee09e000 JavaThread "Unconstrained build operations Thread 49" [_thread_blocked, id=33120, stack(0x0000003fdc600000,0x0000003fdc700000)]
  0x000001ccee09f800 JavaThread "Unconstrained build operations Thread 50" [_thread_blocked, id=27772, stack(0x0000003fdc700000,0x0000003fdc800000)]
  0x000001ccee09c000 JavaThread "Unconstrained build operations Thread 51" [_thread_blocked, id=33576, stack(0x0000003fdc800000,0x0000003fdc900000)]
  0x000001ccee09e800 JavaThread "Unconstrained build operations Thread 52" [_thread_blocked, id=17148, stack(0x0000003fdc900000,0x0000003fdca00000)]
  0x000001ccee0a0800 JavaThread "Unconstrained build operations Thread 53" [_thread_blocked, id=4344, stack(0x0000003fdca00000,0x0000003fdcb00000)]
  0x000001ccee0a1000 JavaThread "Unconstrained build operations Thread 54" [_thread_blocked, id=33448, stack(0x0000003fdcb00000,0x0000003fdcc00000)]
  0x000001ccee0a2000 JavaThread "Unconstrained build operations Thread 55" [_thread_blocked, id=24796, stack(0x0000003fdcc00000,0x0000003fdcd00000)]
  0x000001ccee0a3000 JavaThread "Unconstrained build operations Thread 56" [_thread_blocked, id=18832, stack(0x0000003fdcd00000,0x0000003fdce00000)]
  0x000001ccee09d000 JavaThread "Unconstrained build operations Thread 57" [_thread_blocked, id=33604, stack(0x0000003fdce00000,0x0000003fdcf00000)]
  0x000001ccee0a8800 JavaThread "Unconstrained build operations Thread 58" [_thread_blocked, id=33460, stack(0x0000003fdcf00000,0x0000003fdd000000)]
  0x000001ccee0a7800 JavaThread "Unconstrained build operations Thread 59" [_thread_blocked, id=16248, stack(0x0000003fdd000000,0x0000003fdd100000)]
  0x000001ccee0a5000 JavaThread "Unconstrained build operations Thread 60" [_thread_blocked, id=25696, stack(0x0000003fdd100000,0x0000003fdd200000)]
  0x000001ccee0a6000 JavaThread "Unconstrained build operations Thread 61" [_thread_blocked, id=31968, stack(0x0000003fdd200000,0x0000003fdd300000)]
  0x000001ccee0a7000 JavaThread "Unconstrained build operations Thread 62" [_thread_blocked, id=27048, stack(0x0000003fdd300000,0x0000003fdd400000)]
  0x000001ccee0a9800 JavaThread "Unconstrained build operations Thread 63" [_thread_blocked, id=24500, stack(0x0000003fdd400000,0x0000003fdd500000)]
  0x000001ccee0a3800 JavaThread "Unconstrained build operations Thread 64" [_thread_blocked, id=21652, stack(0x0000003fdd500000,0x0000003fdd600000)]
  0x000001ccee0a4800 JavaThread "Unconstrained build operations Thread 65" [_thread_blocked, id=33776, stack(0x0000003fdd600000,0x0000003fdd700000)]
  0x000001ccee0aa000 JavaThread "Unconstrained build operations Thread 66" [_thread_blocked, id=28524, stack(0x0000003fdd700000,0x0000003fdd800000)]
  0x000001ccee0ab000 JavaThread "Unconstrained build operations Thread 67" [_thread_blocked, id=26880, stack(0x0000003fdd800000,0x0000003fdd900000)]
  0x000001cceb60d800 JavaThread "Unconstrained build operations Thread 68" [_thread_blocked, id=33244, stack(0x0000003fdd900000,0x0000003fdda00000)]
  0x000001cceb60e000 JavaThread "Unconstrained build operations Thread 69" [_thread_blocked, id=2396, stack(0x0000003fdda00000,0x0000003fddb00000)]
  0x000001cceb60f000 JavaThread "Unconstrained build operations Thread 70" [_thread_blocked, id=29704, stack(0x0000003fddb00000,0x0000003fddc00000)]
  0x000001cceb609000 JavaThread "Unconstrained build operations Thread 71" [_thread_blocked, id=29400, stack(0x0000003fddc00000,0x0000003fddd00000)]
  0x000001cceb60c800 JavaThread "Unconstrained build operations Thread 72" [_thread_blocked, id=27296, stack(0x0000003fddd00000,0x0000003fdde00000)]
  0x000001cceb60b000 JavaThread "Unconstrained build operations Thread 73" [_thread_blocked, id=26604, stack(0x0000003fdde00000,0x0000003fddf00000)]
  0x000001cceb60f800 JavaThread "Unconstrained build operations Thread 74" [_thread_blocked, id=25368, stack(0x0000003fddf00000,0x0000003fde000000)]
  0x000001cceb60b800 JavaThread "Unconstrained build operations Thread 75" [_thread_blocked, id=33192, stack(0x0000003fde000000,0x0000003fde100000)]
  0x000001cceb60a000 JavaThread "Unconstrained build operations Thread 76" [_thread_blocked, id=30280, stack(0x0000003fde100000,0x0000003fde200000)]
  0x000001cceb616800 JavaThread "Unconstrained build operations Thread 77" [_thread_blocked, id=31324, stack(0x0000003fde200000,0x0000003fde300000)]
  0x000001cceb614800 JavaThread "Unconstrained build operations Thread 78" [_thread_blocked, id=30936, stack(0x0000003fde300000,0x0000003fde400000)]
  0x000001cceb612000 JavaThread "Unconstrained build operations Thread 79" [_thread_blocked, id=23332, stack(0x0000003fde400000,0x0000003fde500000)]
  0x000001cceb614000 JavaThread "Unconstrained build operations Thread 80" [_thread_blocked, id=28920, stack(0x0000003fde500000,0x0000003fde600000)]
  0x000001cceb613000 JavaThread "jar transforms Thread 4" [_thread_blocked, id=29924, stack(0x0000003fde600000,0x0000003fde700000)]
  0x000001cceb615800 JavaThread "jar transforms Thread 5" [_thread_blocked, id=27100, stack(0x0000003fde700000,0x0000003fde800000)]
  0x000001cceb610800 JavaThread "jar transforms Thread 6" [_thread_blocked, id=12872, stack(0x0000003fde800000,0x0000003fde900000)]
  0x000001cceb617000 JavaThread "jar transforms Thread 7" [_thread_blocked, id=7744, stack(0x0000003fde900000,0x0000003fdea00000)]
  0x000001cceb611800 JavaThread "jar transforms Thread 8" [_thread_blocked, id=8000, stack(0x0000003fdea00000,0x0000003fdeb00000)]
  0x000001cceb618000 JavaThread "Memory manager" [_thread_blocked, id=32764, stack(0x0000003fdeb00000,0x0000003fdec00000)]

Other Threads:
  0x000001cce749c000 VMThread "VM Thread" [stack: 0x0000003fd6900000,0x0000003fd6a00000] [id=31836]
  0x000001cce7fc5800 WatcherThread [stack: 0x0000003fd7300000,0x0000003fd7400000] [id=31092]
  0x000001cccd002000 GCTaskThread "GC Thread#0" [stack: 0x0000003fd6400000,0x0000003fd6500000] [id=6792]
  0x000001cce867a800 GCTaskThread "GC Thread#1" [stack: 0x0000003fd7400000,0x0000003fd7500000] [id=29712]
  0x000001cce8ffd800 GCTaskThread "GC Thread#2" [stack: 0x0000003fd8000000,0x0000003fd8100000] [id=26080]
  0x000001cceb299800 GCTaskThread "GC Thread#3" [stack: 0x0000003fd8100000,0x0000003fd8200000] [id=22796]
  0x000001cceadae800 GCTaskThread "GC Thread#4" [stack: 0x0000003fd8200000,0x0000003fd8300000] [id=33064]
  0x000001ccea1b8000 GCTaskThread "GC Thread#5" [stack: 0x0000003fd8300000,0x0000003fd8400000] [id=26008]
  0x000001cce98c9000 GCTaskThread "GC Thread#6" [stack: 0x0000003fd8400000,0x0000003fd8500000] [id=30540]
  0x000001ccea1db000 GCTaskThread "GC Thread#7" [stack: 0x0000003fd8500000,0x0000003fd8600000] [id=28168]
  0x000001cccd033800 ConcurrentGCThread "G1 Main Marker" [stack: 0x0000003fd6500000,0x0000003fd6600000] [id=29280]
  0x000001cccd036000 ConcurrentGCThread "G1 Conc#0" [stack: 0x0000003fd6600000,0x0000003fd6700000] [id=24360]
=>0x000001cceb6d0800 ConcurrentGCThread "G1 Conc#1" [stack: 0x0000003fd8900000,0x0000003fd8a00000] [id=33588]
  0x000001cce72f0800 ConcurrentGCThread "G1 Refine#0" [stack: 0x0000003fd6700000,0x0000003fd6800000] [id=9716]
  0x000001cce72f1800 ConcurrentGCThread "G1 Young RemSet Sampling" [stack: 0x0000003fd6800000,0x0000003fd6900000] [id=18216]

Threads with active compile tasks:
C2 CompilerThread0  21889 5693       4       org.objectweb.asm.Frame::execute (2318 bytes)

VM state:not at safepoint (normal execution)

VM Mutex/Monitor currently owned by a thread:  ([mutex/lock_event])
[0x000001ccccfe53d0] Heap_lock - owner thread: 0x000001cceaa72800

Heap address: 0x0000000080000000, size: 2048 MB, Compressed Oops mode: 32-bit
Narrow klass base: 0x0000000000000000, Narrow klass shift: 3
Compressed class space size: 1073741824 Address: 0x0000000100000000

Heap:
 garbage-first heap   total 138240K, used 47902K [0x0000000080000000, 0x0000000100000000)
  region size 1024K, 7 young (7168K), 3 survivors (3072K)
 Metaspace       used 59303K, capacity 60736K, committed 60912K, reserved 1101824K
  class space    used 7490K, capacity 8075K, committed 8140K, reserved 1048576K
Heap Regions: E=young(eden), S=young(survivor), O=old, HS=humongous(starts), HC=humongous(continues), CS=collection set, F=free, A=archive, TAMS=top-at-mark-start (previous, next)
|   0|0x0000000080000000, 0x0000000080100000, 0x0000000080100000|100%| O|  |TAMS 0x0000000080100000, 0x0000000080100000| Untracked 
|   1|0x0000000080100000, 0x0000000080200000, 0x0000000080200000|100%| O|  |TAMS 0x0000000080200000, 0x0000000080200000| Untracked 
|   2|0x0000000080200000, 0x0000000080300000, 0x0000000080300000|100%| O|  |TAMS 0x0000000080300000, 0x0000000080300000| Untracked 
|   3|0x0000000080300000, 0x0000000080400000, 0x0000000080400000|100%|HS|  |TAMS 0x0000000080400000, 0x0000000080400000| Complete 
|   4|0x0000000080400000, 0x0000000080500000, 0x0000000080500000|100%|HC|  |TAMS 0x0000000080500000, 0x0000000080500000| Complete 
|   5|0x0000000080500000, 0x0000000080600000, 0x0000000080600000|100%|HC|  |TAMS 0x0000000080600000, 0x0000000080600000| Complete 
|   6|0x0000000080600000, 0x0000000080700000, 0x0000000080700000|100%| O|  |TAMS 0x0000000080700000, 0x0000000080700000| Untracked 
|   7|0x0000000080700000, 0x0000000080800000, 0x0000000080800000|100%| O|  |TAMS 0x0000000080800000, 0x0000000080800000| Untracked 
|   8|0x0000000080800000, 0x0000000080900000, 0x0000000080900000|100%| O|  |TAMS 0x0000000080900000, 0x0000000080900000| Untracked 
|   9|0x0000000080900000, 0x0000000080a00000, 0x0000000080a00000|100%| O|  |TAMS 0x0000000080a00000, 0x0000000080a00000| Untracked 
|  10|0x0000000080a00000, 0x0000000080b00000, 0x0000000080b00000|100%| O|  |TAMS 0x0000000080b00000, 0x0000000080b00000| Untracked 
|  11|0x0000000080b00000, 0x0000000080c00000, 0x0000000080c00000|100%| O|  |TAMS 0x0000000080c00000, 0x0000000080c00000| Untracked 
|  12|0x0000000080c00000, 0x0000000080d00000, 0x0000000080d00000|100%| O|  |TAMS 0x0000000080d00000, 0x0000000080d00000| Untracked 
|  13|0x0000000080d00000, 0x0000000080e00000, 0x0000000080e00000|100%| O|  |TAMS 0x0000000080e00000, 0x0000000080e00000| Untracked 
|  14|0x0000000080e00000, 0x0000000080f00000, 0x0000000080f00000|100%| O|  |TAMS 0x0000000080f00000, 0x0000000080f00000| Untracked 
|  15|0x0000000080f00000, 0x0000000081000000, 0x0000000081000000|100%| O|  |TAMS 0x0000000081000000, 0x0000000081000000| Untracked 
|  16|0x0000000081000000, 0x0000000081100000, 0x0000000081100000|100%| O|  |TAMS 0x00000000810c3400, 0x0000000081100000| Untracked 
|  17|0x0000000081100000, 0x0000000081200000, 0x0000000081200000|100%| O|  |TAMS 0x0000000081100000, 0x0000000081200000| Untracked 
|  18|0x0000000081200000, 0x0000000081300000, 0x0000000081300000|100%| O|  |TAMS 0x0000000081200000, 0x0000000081300000| Untracked 
|  19|0x0000000081300000, 0x0000000081400000, 0x0000000081400000|100%| O|  |TAMS 0x0000000081300000, 0x0000000081400000| Untracked 
|  20|0x0000000081400000, 0x0000000081500000, 0x0000000081500000|100%| O|  |TAMS 0x0000000081400000, 0x0000000081500000| Untracked 
|  21|0x0000000081500000, 0x0000000081600000, 0x0000000081600000|100%| O|  |TAMS 0x0000000081500000, 0x0000000081600000| Untracked 
|  22|0x0000000081600000, 0x0000000081700000, 0x0000000081700000|100%| O|  |TAMS 0x0000000081600000, 0x0000000081700000| Untracked 
|  23|0x0000000081700000, 0x0000000081800000, 0x0000000081800000|100%| O|  |TAMS 0x0000000081700000, 0x0000000081800000| Untracked 
|  24|0x0000000081800000, 0x0000000081900000, 0x0000000081900000|100%| O|  |TAMS 0x0000000081800000, 0x0000000081900000| Untracked 
|  25|0x0000000081900000, 0x0000000081a00000, 0x0000000081a00000|100%| O|  |TAMS 0x0000000081900000, 0x0000000081a00000| Untracked 
|  26|0x0000000081a00000, 0x0000000081b00000, 0x0000000081b00000|100%|HS|  |TAMS 0x0000000081a00000, 0x0000000081b00000| Complete 
|  27|0x0000000081b00000, 0x0000000081c00000, 0x0000000081c00000|100%|HS|  |TAMS 0x0000000081b00000, 0x0000000081c00000| Complete 
|  28|0x0000000081c00000, 0x0000000081d00000, 0x0000000081d00000|100%| O|  |TAMS 0x0000000081c00000, 0x0000000081d00000| Untracked 
|  29|0x0000000081d00000, 0x0000000081e00000, 0x0000000081e00000|100%|HS|  |TAMS 0x0000000081d00000, 0x0000000081e00000| Complete 
|  30|0x0000000081e00000, 0x0000000081f00000, 0x0000000081f00000|100%|HC|  |TAMS 0x0000000081e00000, 0x0000000081f00000| Complete 
|  31|0x0000000081f00000, 0x0000000082000000, 0x0000000082000000|100%| O|  |TAMS 0x0000000081f00000, 0x0000000082000000| Untracked 
|  32|0x0000000082000000, 0x0000000082100000, 0x0000000082100000|100%| O|  |TAMS 0x0000000082000000, 0x0000000082100000| Untracked 
|  33|0x0000000082100000, 0x0000000082200000, 0x0000000082200000|100%| O|  |TAMS 0x0000000082100000, 0x0000000082200000| Untracked 
|  34|0x0000000082200000, 0x0000000082300000, 0x0000000082300000|100%| O|  |TAMS 0x0000000082200000, 0x0000000082300000| Untracked 
|  35|0x0000000082300000, 0x0000000082400000, 0x0000000082400000|100%| O|  |TAMS 0x0000000082300000, 0x0000000082400000| Untracked 
|  36|0x0000000082400000, 0x0000000082500000, 0x0000000082500000|100%| O|  |TAMS 0x0000000082400000, 0x0000000082500000| Untracked 
|  37|0x0000000082500000, 0x0000000082600000, 0x0000000082600000|100%| O|  |TAMS 0x0000000082500000, 0x0000000082600000| Untracked 
|  38|0x0000000082600000, 0x0000000082700000, 0x0000000082700000|100%| O|  |TAMS 0x0000000082600000, 0x0000000082700000| Untracked 
|  39|0x0000000082700000, 0x0000000082800000, 0x0000000082800000|100%| O|  |TAMS 0x0000000082700000, 0x0000000082800000| Untracked 
|  40|0x0000000082800000, 0x0000000082900000, 0x0000000082900000|100%| O|  |TAMS 0x0000000082800000, 0x0000000082900000| Untracked 
|  41|0x0000000082900000, 0x0000000082962a00, 0x0000000082a00000| 38%| O|  |TAMS 0x0000000082900000, 0x0000000082962a00| Untracked 
|  42|0x0000000082a00000, 0x0000000082a00000, 0x0000000082b00000|  0%| F|  |TAMS 0x0000000082a00000, 0x0000000082a00000| Untracked 
|  43|0x0000000082b00000, 0x0000000082b00000, 0x0000000082c00000|  0%| F|  |TAMS 0x0000000082b00000, 0x0000000082b00000| Untracked 
|  44|0x0000000082c00000, 0x0000000082c00000, 0x0000000082d00000|  0%| F|  |TAMS 0x0000000082c00000, 0x0000000082c00000| Untracked 
|  45|0x0000000082d00000, 0x0000000082d00000, 0x0000000082e00000|  0%| F|  |TAMS 0x0000000082d00000, 0x0000000082d00000| Untracked 
|  46|0x0000000082e00000, 0x0000000082e00000, 0x0000000082f00000|  0%| F|  |TAMS 0x0000000082e00000, 0x0000000082e00000| Untracked 
|  47|0x0000000082f00000, 0x0000000082f00000, 0x0000000083000000|  0%| F|  |TAMS 0x0000000082f00000, 0x0000000082f00000| Untracked 
|  48|0x0000000083000000, 0x0000000083000000, 0x0000000083100000|  0%| F|  |TAMS 0x0000000083000000, 0x0000000083000000| Untracked 
|  49|0x0000000083100000, 0x0000000083100000, 0x0000000083200000|  0%| F|  |TAMS 0x0000000083100000, 0x0000000083100000| Untracked 
|  50|0x0000000083200000, 0x0000000083200000, 0x0000000083300000|  0%| F|  |TAMS 0x0000000083200000, 0x0000000083200000| Untracked 
|  51|0x0000000083300000, 0x0000000083300000, 0x0000000083400000|  0%| F|  |TAMS 0x0000000083300000, 0x0000000083300000| Untracked 
|  52|0x0000000083400000, 0x0000000083400000, 0x0000000083500000|  0%| F|  |TAMS 0x0000000083400000, 0x0000000083400000| Untracked 
|  53|0x0000000083500000, 0x0000000083500000, 0x0000000083600000|  0%| F|  |TAMS 0x0000000083500000, 0x0000000083500000| Untracked 
|  54|0x0000000083600000, 0x0000000083600000, 0x0000000083700000|  0%| F|  |TAMS 0x0000000083600000, 0x0000000083600000| Untracked 
|  55|0x0000000083700000, 0x0000000083700000, 0x0000000083800000|  0%| F|  |TAMS 0x0000000083700000, 0x0000000083700000| Untracked 
|  56|0x0000000083800000, 0x0000000083800000, 0x0000000083900000|  0%| F|  |TAMS 0x0000000083800000, 0x0000000083800000| Untracked 
|  57|0x0000000083900000, 0x0000000083900000, 0x0000000083a00000|  0%| F|  |TAMS 0x0000000083900000, 0x0000000083900000| Untracked 
|  58|0x0000000083a00000, 0x0000000083a00000, 0x0000000083b00000|  0%| F|  |TAMS 0x0000000083a00000, 0x0000000083a00000| Untracked 
|  59|0x0000000083b00000, 0x0000000083b00000, 0x0000000083c00000|  0%| F|  |TAMS 0x0000000083b00000, 0x0000000083b00000| Untracked 
|  60|0x0000000083c00000, 0x0000000083c00000, 0x0000000083d00000|  0%| F|  |TAMS 0x0000000083c00000, 0x0000000083c00000| Untracked 
|  61|0x0000000083d00000, 0x0000000083d00000, 0x0000000083e00000|  0%| F|  |TAMS 0x0000000083d00000, 0x0000000083d00000| Untracked 
|  62|0x0000000083e00000, 0x0000000083e00000, 0x0000000083f00000|  0%| F|  |TAMS 0x0000000083e00000, 0x0000000083e00000| Untracked 
|  63|0x0000000083f00000, 0x0000000083f00000, 0x0000000084000000|  0%| F|  |TAMS 0x0000000083f00000, 0x0000000083f00000| Untracked 
|  64|0x0000000084000000, 0x0000000084000000, 0x0000000084100000|  0%| F|  |TAMS 0x0000000084000000, 0x0000000084000000| Untracked 
|  65|0x0000000084100000, 0x0000000084100000, 0x0000000084200000|  0%| F|  |TAMS 0x0000000084100000, 0x0000000084100000| Untracked 
|  66|0x0000000084200000, 0x0000000084200000, 0x0000000084300000|  0%| F|  |TAMS 0x0000000084200000, 0x0000000084200000| Untracked 
|  67|0x0000000084300000, 0x0000000084300000, 0x0000000084400000|  0%| F|  |TAMS 0x0000000084300000, 0x0000000084300000| Untracked 
|  68|0x0000000084400000, 0x0000000084400000, 0x0000000084500000|  0%| F|  |TAMS 0x0000000084400000, 0x0000000084400000| Untracked 
|  69|0x0000000084500000, 0x0000000084500000, 0x0000000084600000|  0%| F|  |TAMS 0x0000000084500000, 0x0000000084500000| Untracked 
|  70|0x0000000084600000, 0x0000000084600000, 0x0000000084700000|  0%| F|  |TAMS 0x0000000084600000, 0x0000000084600000| Untracked 
|  71|0x0000000084700000, 0x0000000084700000, 0x0000000084800000|  0%| F|  |TAMS 0x0000000084700000, 0x0000000084700000| Untracked 
|  72|0x0000000084800000, 0x0000000084800000, 0x0000000084900000|  0%| F|  |TAMS 0x0000000084800000, 0x0000000084800000| Untracked 
|  73|0x0000000084900000, 0x0000000084900000, 0x0000000084a00000|  0%| F|  |TAMS 0x0000000084900000, 0x0000000084900000| Untracked 
|  74|0x0000000084a00000, 0x0000000084a00000, 0x0000000084b00000|  0%| F|  |TAMS 0x0000000084a00000, 0x0000000084a00000| Untracked 
|  75|0x0000000084b00000, 0x0000000084b00000, 0x0000000084c00000|  0%| F|  |TAMS 0x0000000084b00000, 0x0000000084b00000| Untracked 
|  76|0x0000000084c00000, 0x0000000084c00000, 0x0000000084d00000|  0%| F|  |TAMS 0x0000000084c00000, 0x0000000084c00000| Untracked 
|  77|0x0000000084d00000, 0x0000000084d00000, 0x0000000084e00000|  0%| F|  |TAMS 0x0000000084d00000, 0x0000000084d00000| Untracked 
|  78|0x0000000084e00000, 0x0000000084e00000, 0x0000000084f00000|  0%| F|  |TAMS 0x0000000084e00000, 0x0000000084e00000| Untracked 
|  79|0x0000000084f00000, 0x0000000084f00000, 0x0000000085000000|  0%| F|  |TAMS 0x0000000084f00000, 0x0000000084f00000| Untracked 
|  80|0x0000000085000000, 0x0000000085064ea8, 0x0000000085100000| 39%| S|CS|TAMS 0x0000000085000000, 0x0000000085000000| Complete 
|  81|0x0000000085100000, 0x0000000085200000, 0x0000000085200000|100%| S|CS|TAMS 0x0000000085100000, 0x0000000085100000| Complete 
|  82|0x0000000085200000, 0x0000000085300000, 0x0000000085300000|100%| S|CS|TAMS 0x0000000085200000, 0x0000000085200000| Complete 
|  83|0x0000000085300000, 0x0000000085300000, 0x0000000085400000|  0%| F|  |TAMS 0x0000000085300000, 0x0000000085300000| Untracked 
|  84|0x0000000085400000, 0x0000000085400000, 0x0000000085500000|  0%| F|  |TAMS 0x0000000085400000, 0x0000000085400000| Untracked 
|  85|0x0000000085500000, 0x0000000085500000, 0x0000000085600000|  0%| F|  |TAMS 0x0000000085500000, 0x0000000085500000| Untracked 
|  86|0x0000000085600000, 0x0000000085600000, 0x0000000085700000|  0%| F|  |TAMS 0x0000000085600000, 0x0000000085600000| Untracked 
|  87|0x0000000085700000, 0x0000000085700000, 0x0000000085800000|  0%| F|  |TAMS 0x0000000085700000, 0x0000000085700000| Untracked 
|  88|0x0000000085800000, 0x0000000085800000, 0x0000000085900000|  0%| F|  |TAMS 0x0000000085800000, 0x0000000085800000| Untracked 
|  89|0x0000000085900000, 0x0000000085900000, 0x0000000085a00000|  0%| F|  |TAMS 0x0000000085900000, 0x0000000085900000| Untracked 
|  90|0x0000000085a00000, 0x0000000085a00000, 0x0000000085b00000|  0%| F|  |TAMS 0x0000000085a00000, 0x0000000085a00000| Untracked 
|  91|0x0000000085b00000, 0x0000000085b00000, 0x0000000085c00000|  0%| F|  |TAMS 0x0000000085b00000, 0x0000000085b00000| Untracked 
|  92|0x0000000085c00000, 0x0000000085c00000, 0x0000000085d00000|  0%| F|  |TAMS 0x0000000085c00000, 0x0000000085c00000| Untracked 
|  93|0x0000000085d00000, 0x0000000085d00000, 0x0000000085e00000|  0%| F|  |TAMS 0x0000000085d00000, 0x0000000085d00000| Untracked 
|  94|0x0000000085e00000, 0x0000000085e00000, 0x0000000085f00000|  0%| F|  |TAMS 0x0000000085e00000, 0x0000000085e00000| Untracked 
|  95|0x0000000085f00000, 0x0000000085f00000, 0x0000000086000000|  0%| F|  |TAMS 0x0000000085f00000, 0x0000000085f00000| Untracked 
|  96|0x0000000086000000, 0x0000000086000000, 0x0000000086100000|  0%| F|  |TAMS 0x0000000086000000, 0x0000000086000000| Untracked 
|  97|0x0000000086100000, 0x0000000086100000, 0x0000000086200000|  0%| F|  |TAMS 0x0000000086100000, 0x0000000086100000| Untracked 
|  98|0x0000000086200000, 0x0000000086200000, 0x0000000086300000|  0%| F|  |TAMS 0x0000000086200000, 0x0000000086200000| Untracked 
|  99|0x0000000086300000, 0x0000000086300000, 0x0000000086400000|  0%| F|  |TAMS 0x0000000086300000, 0x0000000086300000| Untracked 
| 100|0x0000000086400000, 0x0000000086400000, 0x0000000086500000|  0%| F|  |TAMS 0x0000000086400000, 0x0000000086400000| Untracked 
| 101|0x0000000086500000, 0x0000000086500000, 0x0000000086600000|  0%| F|  |TAMS 0x0000000086500000, 0x0000000086500000| Untracked 
| 102|0x0000000086600000, 0x0000000086600000, 0x0000000086700000|  0%| F|  |TAMS 0x0000000086600000, 0x0000000086600000| Untracked 
| 103|0x0000000086700000, 0x0000000086700000, 0x0000000086800000|  0%| F|  |TAMS 0x0000000086700000, 0x0000000086700000| Untracked 
| 104|0x0000000086800000, 0x0000000086800000, 0x0000000086900000|  0%| F|  |TAMS 0x0000000086800000, 0x0000000086800000| Untracked 
| 105|0x0000000086900000, 0x0000000086900000, 0x0000000086a00000|  0%| F|  |TAMS 0x0000000086900000, 0x0000000086900000| Untracked 
| 106|0x0000000086a00000, 0x0000000086a00000, 0x0000000086b00000|  0%| F|  |TAMS 0x0000000086a00000, 0x0000000086a00000| Untracked 
| 107|0x0000000086b00000, 0x0000000086b00000, 0x0000000086c00000|  0%| F|  |TAMS 0x0000000086b00000, 0x0000000086b00000| Untracked 
| 108|0x0000000086c00000, 0x0000000086c00000, 0x0000000086d00000|  0%| F|  |TAMS 0x0000000086c00000, 0x0000000086c00000| Untracked 
| 109|0x0000000086d00000, 0x0000000086d00000, 0x0000000086e00000|  0%| F|  |TAMS 0x0000000086d00000, 0x0000000086d00000| Untracked 
| 110|0x0000000086e00000, 0x0000000086e00000, 0x0000000086f00000|  0%| F|  |TAMS 0x0000000086e00000, 0x0000000086e00000| Untracked 
| 111|0x0000000086f00000, 0x0000000086f00000, 0x0000000087000000|  0%| F|  |TAMS 0x0000000086f00000, 0x0000000086f00000| Untracked 
| 112|0x0000000087000000, 0x0000000087000000, 0x0000000087100000|  0%| F|  |TAMS 0x0000000087000000, 0x0000000087000000| Untracked 
| 113|0x0000000087100000, 0x0000000087100000, 0x0000000087200000|  0%| F|  |TAMS 0x0000000087100000, 0x0000000087100000| Untracked 
| 114|0x0000000087200000, 0x0000000087200000, 0x0000000087300000|  0%| F|  |TAMS 0x0000000087200000, 0x0000000087200000| Untracked 
| 115|0x0000000087300000, 0x0000000087300000, 0x0000000087400000|  0%| F|  |TAMS 0x0000000087300000, 0x0000000087300000| Untracked 
| 116|0x0000000087400000, 0x0000000087400000, 0x0000000087500000|  0%| F|  |TAMS 0x0000000087400000, 0x0000000087400000| Untracked 
| 117|0x0000000087500000, 0x0000000087500000, 0x0000000087600000|  0%| F|  |TAMS 0x0000000087500000, 0x0000000087500000| Untracked 
| 118|0x0000000087600000, 0x0000000087600000, 0x0000000087700000|  0%| F|  |TAMS 0x0000000087600000, 0x0000000087600000| Untracked 
| 119|0x0000000087700000, 0x0000000087700000, 0x0000000087800000|  0%| F|  |TAMS 0x0000000087700000, 0x0000000087700000| Untracked 
| 120|0x0000000087800000, 0x0000000087800000, 0x0000000087900000|  0%| F|  |TAMS 0x0000000087800000, 0x0000000087800000| Untracked 
| 121|0x0000000087900000, 0x0000000087900000, 0x0000000087a00000|  0%| F|  |TAMS 0x0000000087900000, 0x0000000087900000| Untracked 
| 122|0x0000000087a00000, 0x0000000087a00000, 0x0000000087b00000|  0%| F|  |TAMS 0x0000000087a00000, 0x0000000087a00000| Untracked 
| 123|0x0000000087b00000, 0x0000000087b00000, 0x0000000087c00000|  0%| F|  |TAMS 0x0000000087b00000, 0x0000000087b00000| Untracked 
| 124|0x0000000087c00000, 0x0000000087c00000, 0x0000000087d00000|  0%| F|  |TAMS 0x0000000087c00000, 0x0000000087c00000| Untracked 
| 125|0x0000000087d00000, 0x0000000087d00000, 0x0000000087e00000|  0%| F|  |TAMS 0x0000000087d00000, 0x0000000087d00000| Untracked 
| 126|0x0000000087e00000, 0x0000000087e00000, 0x0000000087f00000|  0%| F|  |TAMS 0x0000000087e00000, 0x0000000087e00000| Untracked 
| 127|0x0000000087f00000, 0x0000000087f00000, 0x0000000088000000|  0%| F|  |TAMS 0x0000000087f00000, 0x0000000087f00000| Untracked 
| 128|0x0000000088000000, 0x0000000088000000, 0x0000000088100000|  0%| F|  |TAMS 0x0000000088000000, 0x0000000088000000| Untracked 
| 129|0x0000000088100000, 0x0000000088100000, 0x0000000088200000|  0%| F|  |TAMS 0x0000000088100000, 0x0000000088100000| Untracked 
| 130|0x0000000088200000, 0x0000000088200000, 0x0000000088300000|  0%| F|  |TAMS 0x0000000088200000, 0x0000000088200000| Untracked 
| 131|0x0000000088300000, 0x000000008832e7b0, 0x0000000088400000| 18%| E|  |TAMS 0x0000000088300000, 0x0000000088300000| Complete 
| 132|0x0000000088400000, 0x0000000088500000, 0x0000000088500000|100%| E|CS|TAMS 0x0000000088400000, 0x0000000088400000| Complete 
| 133|0x0000000088500000, 0x0000000088600000, 0x0000000088600000|100%| E|CS|TAMS 0x0000000088500000, 0x0000000088500000| Complete 
| 134|0x0000000088600000, 0x0000000088700000, 0x0000000088700000|100%| E|CS|TAMS 0x0000000088600000, 0x0000000088600000| Complete 

Card table byte_map: [0x000001cce0240000,0x000001cce0640000] _byte_map_base: 0x000001ccdfe40000

Marking Bits (Prev, Next): (CMBitMap*) 0x000001cccd02ad98, (CMBitMap*) 0x000001cccd02add0
 Prev Bits: [0x000001cce0a40000, 0x000001cce2a40000)
 Next Bits: [0x000001cce2a40000, 0x000001cce4a40000)

Polling page: 0x000001cccc7c0000

Metaspace:

Usage:
  Non-class:     51.43 MB capacity,    50.60 MB ( 98%) used,   689.32 KB (  1%) free+waste,   158.00 KB ( <1%) overhead. 
      Class:      7.89 MB capacity,     7.31 MB ( 93%) used,   509.91 KB (  6%) free+waste,    75.06 KB ( <1%) overhead. 
       Both:     59.31 MB capacity,    57.91 MB ( 98%) used,     1.17 MB (  2%) free+waste,   233.06 KB ( <1%) overhead. 

Virtual space:
  Non-class space:       52.00 MB reserved,      51.54 MB (>99%) committed 
      Class space:        1.00 GB reserved,       7.95 MB ( <1%) committed 
             Both:        1.05 GB reserved,      59.48 MB (  6%) committed 

Chunk freelists:
   Non-Class:  59.00 KB
       Class:  21.00 KB
        Both:  80.00 KB

MaxMetaspaceSize: 17179869184.00 GB
CompressedClassSpaceSize: 1.00 GB
Initial GC threshold: 20.80 MB
Current GC threshold: 59.48 MB
CDS: off

CodeHeap 'non-profiled nmethods': size=120000Kb used=3111Kb max_used=3111Kb free=116888Kb
 bounds [0x000001ccd85d0000, 0x000001ccd88e0000, 0x000001ccdfb00000]
CodeHeap 'profiled nmethods': size=120000Kb used=12169Kb max_used=12169Kb free=107830Kb
 bounds [0x000001ccd10a0000, 0x000001ccd1c90000, 0x000001ccd85d0000]
CodeHeap 'non-nmethods': size=5760Kb used=2328Kb max_used=2368Kb free=3431Kb
 bounds [0x000001ccd0b00000, 0x000001ccd0d70000, 0x000001ccd10a0000]
 total_blobs=6602 nmethods=5764 adapters=749
 compilation: enabled
              stopped_count=0, restarted_count=0
 full_count=0

Compilation events (20 events):
Event: 21.693 Thread 0x000001cce74c2000 5798       3       com.google.common.collect.ImmutableCollection$Builder::expandedCapacity (45 bytes)
Event: 21.694 Thread 0x000001cce74c2000 nmethod 5798 0x000001ccd1c7bc10 code [0x000001ccd1c7bde0, 0x000001ccd1c7c0f8]
Event: 21.695 Thread 0x000001cce74c2000 5799       3       java.util.concurrent.atomic.AtomicBoolean::set (14 bytes)
Event: 21.695 Thread 0x000001cce74c2000 nmethod 5799 0x000001ccd1c7c290 code [0x000001ccd1c7c440, 0x000001ccd1c7c598]
Event: 21.695 Thread 0x000001cce74c2000 5800       3       org.gradle.internal.logging.progress.DefaultProgressLoggerFactory$ProgressLoggerImpl::ensureNotNull (11 bytes)
Event: 21.696 Thread 0x000001cce74c2000 nmethod 5800 0x000001ccd1c7c610 code [0x000001ccd1c7c7c0, 0x000001ccd1c7c918]
Event: 21.696 Thread 0x000001cce74c2000 5801       3       org.gradle.internal.operations.logging.LoggingBuildOperationProgressBroadcaster::onOutput (105 bytes)
Event: 21.698 Thread 0x000001cce74c2000 nmethod 5801 0x000001ccd1c7c990 code [0x000001ccd1c7cc60, 0x000001ccd1c7e078]
Event: 21.699 Thread 0x000001cce74c2000 5802       3       org.gradle.internal.operations.DefaultBuildOperationRunner::assertParentRunning (47 bytes)
Event: 21.700 Thread 0x000001cce74c2000 nmethod 5802 0x000001ccd1c7e490 code [0x000001ccd1c7e760, 0x000001ccd1c7f5c8]
Event: 21.700 Thread 0x000001cce74c2000 5803       3       org.gradle.internal.operations.CurrentBuildOperationRef::set (23 bytes)
Event: 21.701 Thread 0x000001cce74c2000 nmethod 5803 0x000001ccd1c7fb10 code [0x000001ccd1c7fce0, 0x000001ccd1c7ffb8]
Event: 21.701 Thread 0x000001cce74c2000 5804       3       org.gradle.internal.operations.BuildOperationState::setRunning (9 bytes)
Event: 21.701 Thread 0x000001cce74c2000 nmethod 5804 0x000001ccd1c80090 code [0x000001ccd1c80240, 0x000001ccd1c80418]
Event: 21.719 Thread 0x000001cce74c2000 5805       3       java.lang.ClassLoader::defineClass (43 bytes)
Event: 21.719 Thread 0x000001cce74c2000 nmethod 5805 0x000001ccd1c80510 code [0x000001ccd1c80720, 0x000001ccd1c80c18]
Event: 21.786 Thread 0x000001cce74c2000 5806       3       org.gradle.internal.ImmutableActionSet::empty (10 bytes)
Event: 21.787 Thread 0x000001cce74c2000 nmethod 5806 0x000001ccd1c80e90 code [0x000001ccd1c81040, 0x000001ccd1c81178]
Event: 21.811 Thread 0x000001cce74c2000 5808       3       java.security.SecureClassLoader$CodeSourceKey::hashCode (21 bytes)
Event: 21.812 Thread 0x000001cce74c2000 nmethod 5808 0x000001ccd1c81210 code [0x000001ccd1c813e0, 0x000001ccd1c815a8]

GC Heap History (20 events):
Event: 4.766 GC heap before
{Heap before GC invocations=2 (full 0):
 garbage-first heap   total 114688K, used 57268K [0x0000000080000000, 0x0000000100000000)
  region size 1024K, 47 young (48128K), 1 survivors (1024K)
 Metaspace       used 17286K, capacity 17709K, committed 17792K, reserved 1064960K
  class space    used 1989K, capacity 2143K, committed 2176K, reserved 1048576K
}
Event: 4.775 GC heap after
{Heap after GC invocations=3 (full 0):
 garbage-first heap   total 114688K, used 16137K [0x0000000080000000, 0x0000000100000000)
  region size 1024K, 6 young (6144K), 6 survivors (6144K)
 Metaspace       used 17286K, capacity 17709K, committed 17792K, reserved 1064960K
  class space    used 1989K, capacity 2143K, committed 2176K, reserved 1048576K
}
Event: 5.408 GC heap before
{Heap before GC invocations=3 (full 0):
 garbage-first heap   total 114688K, used 48905K [0x0000000080000000, 0x0000000100000000)
  region size 1024K, 40 young (40960K), 6 survivors (6144K)
 Metaspace       used 20758K, capacity 21191K, committed 21296K, reserved 1069056K
  class space    used 2526K, capacity 2686K, committed 2688K, reserved 1048576K
}
Event: 5.418 GC heap after
{Heap after GC invocations=4 (full 0):
 garbage-first heap   total 114688K, used 17485K [0x0000000080000000, 0x0000000100000000)
  region size 1024K, 2 young (2048K), 2 survivors (2048K)
 Metaspace       used 20758K, capacity 21191K, committed 21296K, reserved 1069056K
  class space    used 2526K, capacity 2686K, committed 2688K, reserved 1048576K
}
Event: 6.469 GC heap before
{Heap before GC invocations=5 (full 0):
 garbage-first heap   total 114688K, used 63565K [0x0000000080000000, 0x0000000100000000)
  region size 1024K, 48 young (49152K), 2 survivors (2048K)
 Metaspace       used 25567K, capacity 26160K, committed 26236K, reserved 1073152K
  class space    used 3298K, capacity 3518K, committed 3532K, reserved 1048576K
}
Event: 6.474 GC heap after
{Heap after GC invocations=6 (full 0):
 garbage-first heap   total 114688K, used 19145K [0x0000000080000000, 0x0000000100000000)
  region size 1024K, 3 young (3072K), 3 survivors (3072K)
 Metaspace       used 25567K, capacity 26160K, committed 26236K, reserved 1073152K
  class space    used 3298K, capacity 3518K, committed 3532K, reserved 1048576K
}
Event: 7.503 GC heap before
{Heap before GC invocations=6 (full 0):
 garbage-first heap   total 114688K, used 69321K [0x0000000080000000, 0x0000000100000000)
  region size 1024K, 52 young (53248K), 3 survivors (3072K)
 Metaspace       used 30134K, capacity 30835K, committed 31100K, reserved 1077248K
  class space    used 3993K, capacity 4252K, committed 4300K, reserved 1048576K
}
Event: 7.509 GC heap after
{Heap after GC invocations=7 (full 0):
 garbage-first heap   total 114688K, used 20607K [0x0000000080000000, 0x0000000100000000)
  region size 1024K, 5 young (5120K), 5 survivors (5120K)
 Metaspace       used 30134K, capacity 30835K, committed 31100K, reserved 1077248K
  class space    used 3993K, capacity 4252K, committed 4300K, reserved 1048576K
}
Event: 8.274 GC heap before
{Heap before GC invocations=7 (full 0):
 garbage-first heap   total 114688K, used 39039K [0x0000000080000000, 0x0000000100000000)
  region size 1024K, 24 young (24576K), 5 survivors (5120K)
 Metaspace       used 35181K, capacity 35942K, committed 35964K, reserved 1081344K
  class space    used 4514K, capacity 4808K, committed 4812K, reserved 1048576K
}
Event: 8.291 GC heap after
{Heap after GC invocations=8 (full 0):
 garbage-first heap   total 114688K, used 23115K [0x0000000080000000, 0x0000000100000000)
  region size 1024K, 6 young (6144K), 6 survivors (6144K)
 Metaspace       used 35181K, capacity 35942K, committed 35964K, reserved 1081344K
  class space    used 4514K, capacity 4808K, committed 4812K, reserved 1048576K
}
Event: 9.378 GC heap before
{Heap before GC invocations=9 (full 0):
 garbage-first heap   total 114688K, used 76363K [0x0000000080000000, 0x0000000100000000)
  region size 1024K, 56 young (57344K), 6 survivors (6144K)
 Metaspace       used 39319K, capacity 40136K, committed 40316K, reserved 1085440K
  class space    used 4953K, capacity 5263K, committed 5324K, reserved 1048576K
}
Event: 9.390 GC heap after
{Heap after GC invocations=10 (full 0):
 garbage-first heap   total 114688K, used 27111K [0x0000000080000000, 0x0000000100000000)
  region size 1024K, 7 young (7168K), 7 survivors (7168K)
 Metaspace       used 39319K, capacity 40136K, committed 40316K, reserved 1085440K
  class space    used 4953K, capacity 5263K, committed 5324K, reserved 1048576K
}
Event: 10.901 GC heap before
{Heap before GC invocations=10 (full 0):
 garbage-first heap   total 114688K, used 78311K [0x0000000080000000, 0x0000000100000000)
  region size 1024K, 57 young (58368K), 7 survivors (7168K)
 Metaspace       used 44161K, capacity 45174K, committed 45308K, reserved 1089536K
  class space    used 5554K, capacity 5928K, committed 5964K, reserved 1048576K
}
Event: 10.914 GC heap after
{Heap after GC invocations=11 (full 0):
 garbage-first heap   total 114688K, used 29452K [0x0000000080000000, 0x0000000100000000)
  region size 1024K, 7 young (7168K), 7 survivors (7168K)
 Metaspace       used 44161K, capacity 45174K, committed 45308K, reserved 1089536K
  class space    used 5554K, capacity 5928K, committed 5964K, reserved 1048576K
}
Event: 13.375 GC heap before
{Heap before GC invocations=11 (full 0):
 garbage-first heap   total 114688K, used 80652K [0x0000000080000000, 0x0000000100000000)
  region size 1024K, 57 young (58368K), 7 survivors (7168K)
 Metaspace       used 47781K, capacity 48916K, committed 49276K, reserved 1091584K
  class space    used 6056K, capacity 6497K, committed 6604K, reserved 1048576K
}
Event: 13.384 GC heap after
{Heap after GC invocations=12 (full 0):
 garbage-first heap   total 138240K, used 31892K [0x0000000080000000, 0x0000000100000000)
  region size 1024K, 6 young (6144K), 6 survivors (6144K)
 Metaspace       used 47781K, capacity 48916K, committed 49276K, reserved 1091584K
  class space    used 6056K, capacity 6497K, committed 6604K, reserved 1048576K
}
Event: 20.083 GC heap before
{Heap before GC invocations=12 (full 0):
 garbage-first heap   total 138240K, used 100500K [0x0000000080000000, 0x0000000100000000)
  region size 1024K, 69 young (70656K), 6 survivors (6144K)
 Metaspace       used 51436K, capacity 52752K, committed 52988K, reserved 1095680K
  class space    used 6493K, capacity 6974K, committed 6988K, reserved 1048576K
}
Event: 20.097 GC heap after
{Heap after GC invocations=13 (full 0):
 garbage-first heap   total 138240K, used 42145K [0x0000000080000000, 0x0000000100000000)
  region size 1024K, 9 young (9216K), 9 survivors (9216K)
 Metaspace       used 51436K, capacity 52752K, committed 52988K, reserved 1095680K
  class space    used 6493K, capacity 6974K, committed 6988K, reserved 1048576K
}
Event: 21.755 GC heap before
{Heap before GC invocations=13 (full 0):
 garbage-first heap   total 138240K, used 94369K [0x0000000080000000, 0x0000000100000000)
  region size 1024K, 61 young (62464K), 9 survivors (9216K)
 Metaspace       used 59030K, capacity 60448K, committed 60580K, reserved 1101824K
  class space    used 7453K, capacity 7979K, committed 8012K, reserved 1048576K
}
Event: 21.780 GC heap after
{Heap after GC invocations=14 (full 0):
 garbage-first heap   total 138240K, used 44830K [0x0000000080000000, 0x0000000100000000)
  region size 1024K, 3 young (3072K), 3 survivors (3072K)
 Metaspace       used 59030K, capacity 60448K, committed 60580K, reserved 1101824K
  class space    used 7453K, capacity 7979K, committed 8012K, reserved 1048576K
}

Deoptimization events (20 events):
Event: 20.653 Thread 0x000001cceaa72800 DEOPT PACKING pc=0x000001ccd131d197 sp=0x0000003fd7bf6340
Event: 20.653 Thread 0x000001cceaa72800 DEOPT UNPACKING pc=0x000001ccd0b4a95e sp=0x0000003fd7bf58c8 mode 0
Event: 20.656 Thread 0x000001cceaa72800 DEOPT PACKING pc=0x000001ccd131d197 sp=0x0000003fd7bf60e0
Event: 20.656 Thread 0x000001cceaa72800 DEOPT UNPACKING pc=0x000001ccd0b4a95e sp=0x0000003fd7bf5668 mode 0
Event: 20.657 Thread 0x000001cceaa72800 DEOPT PACKING pc=0x000001ccd131d197 sp=0x0000003fd7bf61e0
Event: 20.657 Thread 0x000001cceaa72800 DEOPT UNPACKING pc=0x000001ccd0b4a95e sp=0x0000003fd7bf5768 mode 0
Event: 20.785 Thread 0x000001cceaa72800 Uncommon trap: trap_request=0xffffffc6 fr.pc=0x000001ccd886831c relative=0x000000000000035c
Event: 20.785 Thread 0x000001cceaa72800 Uncommon trap: reason=bimorphic_or_optimized_type_check action=maybe_recompile pc=0x000001ccd886831c method=com.google.common.collect.RegularImmutableSet.contains(Ljava/lang/Object;)Z @ 42 c2
Event: 20.785 Thread 0x000001cceaa72800 DEOPT PACKING pc=0x000001ccd886831c sp=0x0000003fd7bf7d60
Event: 20.785 Thread 0x000001cceaa72800 DEOPT UNPACKING pc=0x000001ccd0b4a1af sp=0x0000003fd7bf7d00 mode 2
Event: 21.448 Thread 0x000001cceaa72800 DEOPT PACKING pc=0x000001ccd1ade9e2 sp=0x0000003fd7bf1920
Event: 21.448 Thread 0x000001cceaa72800 DEOPT UNPACKING pc=0x000001ccd0b4a95e sp=0x0000003fd7bf0db0 mode 0
Event: 21.595 Thread 0x000001cceaa72800 Uncommon trap: trap_request=0xffffff4d fr.pc=0x000001ccd88c9d58 relative=0x0000000000000238
Event: 21.595 Thread 0x000001cceaa72800 Uncommon trap: reason=unstable_if action=reinterpret pc=0x000001ccd88c9d58 method=java.security.SecureClassLoader$CodeSourceKey.hashCode()I @ 9 c2
Event: 21.595 Thread 0x000001cceaa72800 DEOPT PACKING pc=0x000001ccd88c9d58 sp=0x0000003fd7bf2890
Event: 21.595 Thread 0x000001cceaa72800 DEOPT UNPACKING pc=0x000001ccd0b4a1af sp=0x0000003fd7bf2820 mode 2
Event: 21.595 Thread 0x000001cceaa72800 Uncommon trap: trap_request=0xffffff4d fr.pc=0x000001ccd8893e00 relative=0x00000000000018e0
Event: 21.595 Thread 0x000001cceaa72800 Uncommon trap: reason=unstable_if action=reinterpret pc=0x000001ccd8893e00 method=java.lang.ClassLoader.defineClassSourceLocation(Ljava/security/ProtectionDomain;)Ljava/lang/String; @ 15 c2
Event: 21.595 Thread 0x000001cceaa72800 DEOPT PACKING pc=0x000001ccd8893e00 sp=0x0000003fd7bf2900
Event: 21.595 Thread 0x000001cceaa72800 DEOPT UNPACKING pc=0x000001ccd0b4a1af sp=0x0000003fd7bf2888 mode 2

Classes redefined (0 events):
No events

Internal exceptions (20 events):
Event: 15.479 Thread 0x000001cceaa72800 Exception <a 'java/security/PrivilegedActionException'{0x0000000086476c38}> (0x0000000086476c38) thrown at [./src/hotspot/share/prims/jvm.cpp, line 1306]
Event: 15.479 Thread 0x000001cceaa72800 Exception <a 'java/security/PrivilegedActionException'{0x0000000086479918}> (0x0000000086479918) thrown at [./src/hotspot/share/prims/jvm.cpp, line 1306]
Event: 15.479 Thread 0x000001cceaa72800 Exception <a 'java/security/PrivilegedActionException'{0x000000008647abd8}> (0x000000008647abd8) thrown at [./src/hotspot/share/prims/jvm.cpp, line 1306]
Event: 15.479 Thread 0x000001cceaa72800 Exception <a 'java/security/PrivilegedActionException'{0x000000008647d808}> (0x000000008647d808) thrown at [./src/hotspot/share/prims/jvm.cpp, line 1306]
Event: 15.479 Thread 0x000001cceaa72800 Exception <a 'java/security/PrivilegedActionException'{0x000000008647eac8}> (0x000000008647eac8) thrown at [./src/hotspot/share/prims/jvm.cpp, line 1306]
Event: 15.479 Thread 0x000001cceaa72800 Exception <a 'java/security/PrivilegedActionException'{0x0000000086481a00}> (0x0000000086481a00) thrown at [./src/hotspot/share/prims/jvm.cpp, line 1306]
Event: 15.479 Thread 0x000001cceaa72800 Exception <a 'java/security/PrivilegedActionException'{0x0000000086482cc0}> (0x0000000086482cc0) thrown at [./src/hotspot/share/prims/jvm.cpp, line 1306]
Event: 15.479 Thread 0x000001cceaa72800 Exception <a 'java/security/PrivilegedActionException'{0x00000000864859a0}> (0x00000000864859a0) thrown at [./src/hotspot/share/prims/jvm.cpp, line 1306]
Event: 15.480 Thread 0x000001cceaa72800 Exception <a 'java/security/PrivilegedActionException'{0x0000000086486c60}> (0x0000000086486c60) thrown at [./src/hotspot/share/prims/jvm.cpp, line 1306]
Event: 19.425 Thread 0x000001cceaa72800 Exception <a 'java/lang/ClassNotFoundException'{0x0000000085ce56e0}: org/gradle/api/internal/plugins/DefaultObjectConfigurationActionBeanInfo> (0x0000000085ce56e0) thrown at [./src/hotspot/share/classfile/systemDictionary.cpp, line 231]
Event: 19.427 Thread 0x000001cceaa72800 Exception <a 'java/lang/ClassNotFoundException'{0x0000000085b1b2c8}: org/gradle/api/internal/plugins/DefaultObjectConfigurationActionCustomizer> (0x0000000085b1b2c8) thrown at [./src/hotspot/share/classfile/systemDictionary.cpp, line 231]
Event: 19.783 Thread 0x000001cceaa72800 Exception <a 'java/lang/NoSuchMethodError'{0x00000000851e49b8}: 'java.lang.Object java.lang.invoke.DirectMethodHandle$Holder.invokeStatic(java.lang.Object, java.lang.Object, java.lang.Object, java.lang.Object, int)'> (0x00000000851e49b8) thrown at [./src/hotspot/share/interpreter/linkResolver.cpp, line 773]
Event: 19.784 Thread 0x000001cceaa72800 Exception <a 'java/lang/NoSuchMethodError'{0x00000000851e93b0}: 'java.lang.Object java.lang.invoke.DirectMethodHandle$Holder.invokeSpecial(java.lang.Object, java.lang.Object, java.lang.Object, java.lang.Object, java.lang.Object, int)'> (0x00000000851e93b0) thrown at [./src/hotspot/share/interpreter/linkResolver.cpp, line 773]
Event: 19.785 Thread 0x000001cceaa72800 Exception <a 'java/lang/NoSuchMethodError'{0x00000000851ed9f0}: 'java.lang.Object java.lang.invoke.Invokers$Holder.linkToTargetMethod(java.lang.Object, java.lang.Object, java.lang.Object, int, java.lang.Object)'> (0x00000000851ed9f0) thrown at [./src/hotspot/share/interpreter/linkResolver.cpp, line 773]
Event: 20.332 Thread 0x000001cceaa72800 Exception <a 'java/lang/NoSuchMethodError'{0x00000000880c91c8}: 'java.lang.Object java.lang.invoke.DirectMethodHandle$Holder.invokeSpecial(java.lang.Object, java.lang.Object, int, int, java.lang.Object, java.lang.Object, java.lang.Object)'> (0x00000000880c91c8) thrown at [./src/hotspot/share/interpreter/linkResolver.cpp, line 773]
Event: 20.332 Thread 0x000001cceaa72800 Exception <a 'java/lang/NoSuchMethodError'{0x00000000880cd748}: 'java.lang.Object java.lang.invoke.DelegatingMethodHandle$Holder.reinvoke_L(java.lang.Object, int, int, java.lang.Object, java.lang.Object, java.lang.Object)'> (0x00000000880cd748) thrown at [./src/hotspot/share/interpreter/linkResolver.cpp, line 773]
Event: 20.777 Thread 0x000001cceaa72800 Exception <a 'java/lang/NoSuchMethodError'{0x0000000087358198}: 'int java.lang.invoke.DirectMethodHandle$Holder.invokeInterface(java.lang.Object, java.lang.Object, java.lang.Object, java.lang.Object)'> (0x0000000087358198) thrown at [./src/hotspot/share/interpreter/linkResolver.cpp, line 773]
Event: 21.507 Thread 0x000001cceaa72800 Exception <a 'java/lang/IncompatibleClassChangeError'{0x0000000085acf480}: Found class java.lang.Object, but interface was expected> (0x0000000085acf480) thrown at [./src/hotspot/share/interpreter/linkResolver.cpp, line 839]
Event: 21.595 Thread 0x000001cceaa72800 Implicit null exception at 0x000001ccd88c9b54 to 0x000001ccd88c9d48
Event: 21.595 Thread 0x000001cceaa72800 Implicit null exception at 0x000001ccd8892abe to 0x000001ccd8893dd4

Events (20 events):
Event: 21.809 loading class com/android/build/api/dsl/TestBaseFlavor
Event: 21.809 loading class com/android/build/api/dsl/TestBaseFlavor done
Event: 21.810 loading class com/android/build/gradle/internal/dsl/BaseFlavor
Event: 21.810 loading class com/android/build/gradle/internal/dsl/BaseFlavor done
Event: 21.811 loading class com/android/build/gradle/internal/dsl/CoreProductFlavor
Event: 21.811 loading class com/android/build/gradle/internal/dsl/CoreProductFlavor done
Event: 21.811 loading class com/android/builder/model/ProductFlavor
Event: 21.811 loading class com/android/builder/model/ProductFlavor done
Event: 21.812 loading class com/android/builder/model/DimensionAware
Event: 21.812 loading class com/android/builder/model/DimensionAware done
Event: 21.813 loading class com/android/builder/core/AbstractProductFlavor
Event: 21.813 loading class com/android/builder/core/AbstractProductFlavor done
Event: 21.815 loading class com/android/build/gradle/internal/dsl/ProductFlavorFactory
Event: 21.815 loading class com/android/build/gradle/internal/dsl/ProductFlavorFactory done
Event: 21.816 loading class com/android/build/gradle/internal/dsl/SigningConfig
Event: 21.816 loading class com/android/build/gradle/internal/dsl/SigningConfig done
Event: 21.817 loading class com/android/build/api/dsl/ApkSigningConfig
Event: 21.817 loading class com/android/build/api/dsl/ApkSigningConfig done
Event: 21.817 loading class com/android/build/api/dsl/SigningConfig
Event: 21.817 loading class com/android/build/api/dsl/SigningConfig done


Dynamic libraries:
0x00007ff742630000 - 0x00007ff74263a000 	D:\BTS SIO\Android\jre\bin\java.exe
0x00007ffec0890000 - 0x00007ffec0aa4000 	C:\WINDOWS\SYSTEM32\ntdll.dll
0x00007ffebf560000 - 0x00007ffebf622000 	C:\WINDOWS\System32\KERNEL32.DLL
0x00007ffebe090000 - 0x00007ffebe433000 	C:\WINDOWS\System32\KERNELBASE.dll
0x00007ffebdd50000 - 0x00007ffebde61000 	C:\WINDOWS\System32\ucrtbase.dll
0x00007ffe3d660000 - 0x00007ffe3d677000 	D:\BTS SIO\Android\jre\bin\VCRUNTIME140.dll
0x00007ffe48be0000 - 0x00007ffe48bf9000 	D:\BTS SIO\Android\jre\bin\jli.dll
0x00007ffebf1e0000 - 0x00007ffebf38b000 	C:\WINDOWS\System32\USER32.dll
0x00007ffe9e4f0000 - 0x00007ffe9e77e000 	C:\WINDOWS\WinSxS\amd64_microsoft.windows.common-controls_6595b64144ccf1df_6.0.22621.1635_none_270f70857386168e\COMCTL32.dll
0x00007ffebe060000 - 0x00007ffebe086000 	C:\WINDOWS\System32\win32u.dll
0x00007ffebf390000 - 0x00007ffebf437000 	C:\WINDOWS\System32\msvcrt.dll
0x00007ffebf1b0000 - 0x00007ffebf1d9000 	C:\WINDOWS\System32\GDI32.dll
0x00007ffebe500000 - 0x00007ffebe618000 	C:\WINDOWS\System32\gdi32full.dll
0x00007ffebdcb0000 - 0x00007ffebdd4a000 	C:\WINDOWS\System32\msvcp_win.dll
0x00007ffebeae0000 - 0x00007ffebeb11000 	C:\WINDOWS\System32\IMM32.DLL
0x00007ffe33da0000 - 0x00007ffe33e3d000 	D:\BTS SIO\Android\jre\bin\msvcp140.dll
0x00007ffe6fb50000 - 0x00007ffe70652000 	D:\BTS SIO\Android\jre\bin\server\jvm.dll
0x00007ffebec80000 - 0x00007ffebed2e000 	C:\WINDOWS\System32\ADVAPI32.dll
0x00007ffebffc0000 - 0x00007ffec0064000 	C:\WINDOWS\System32\sechost.dll
0x00007ffec0600000 - 0x00007ffec0717000 	C:\WINDOWS\System32\RPCRT4.dll
0x00007ffec05f0000 - 0x00007ffec05f8000 	C:\WINDOWS\System32\PSAPI.DLL
0x00007ffe9d1c0000 - 0x00007ffe9d1c9000 	C:\WINDOWS\SYSTEM32\WSOCK32.dll
0x00007ffebabb0000 - 0x00007ffebabe4000 	C:\WINDOWS\SYSTEM32\WINMM.dll
0x00007ffeb7520000 - 0x00007ffeb752a000 	C:\WINDOWS\SYSTEM32\VERSION.dll
0x00007ffebff40000 - 0x00007ffebffb1000 	C:\WINDOWS\System32\WS2_32.dll
0x00007ffebcd00000 - 0x00007ffebcd18000 	C:\WINDOWS\SYSTEM32\kernel.appcore.dll
0x00007ffeb8730000 - 0x00007ffeb8741000 	D:\BTS SIO\Android\jre\bin\verify.dll
0x00007ffebb470000 - 0x00007ffebb69e000 	C:\WINDOWS\SYSTEM32\DBGHELP.DLL
0x00007ffebe700000 - 0x00007ffebea89000 	C:\WINDOWS\System32\combase.dll
0x00007ffebfe50000 - 0x00007ffebff27000 	C:\WINDOWS\System32\OLEAUT32.dll
0x00007ffea8690000 - 0x00007ffea86c2000 	C:\WINDOWS\SYSTEM32\dbgcore.DLL
0x00007ffebdfe0000 - 0x00007ffebe05b000 	C:\WINDOWS\System32\bcryptPrimitives.dll
0x00007ffeafc70000 - 0x00007ffeafc99000 	D:\BTS SIO\Android\jre\bin\java.dll
0x00007ffeb8fd0000 - 0x00007ffeb8fdb000 	D:\BTS SIO\Android\jre\bin\jimage.dll
0x00007ffeb04a0000 - 0x00007ffeb04b8000 	D:\BTS SIO\Android\jre\bin\zip.dll
0x00007ffebf650000 - 0x00007ffebfe4a000 	C:\WINDOWS\System32\SHELL32.dll
0x00007ffebbcb0000 - 0x00007ffebc57e000 	C:\WINDOWS\SYSTEM32\windows.storage.dll
0x00007ffebba00000 - 0x00007ffebbb3e000 	C:\WINDOWS\SYSTEM32\wintypes.dll
0x00007ffebf460000 - 0x00007ffebf551000 	C:\WINDOWS\System32\SHCORE.dll
0x00007ffebe6a0000 - 0x00007ffebe6fe000 	C:\WINDOWS\System32\shlwapi.dll
0x00007ffebdbe0000 - 0x00007ffebdc01000 	C:\WINDOWS\SYSTEM32\profapi.dll
0x00007ffeafeb0000 - 0x00007ffeafeca000 	D:\BTS SIO\Android\jre\bin\net.dll
0x00007ffeb71e0000 - 0x00007ffeb7317000 	C:\WINDOWS\SYSTEM32\WINHTTP.dll
0x00007ffebd170000 - 0x00007ffebd1d9000 	C:\WINDOWS\system32\mswsock.dll
0x00007ffeafc30000 - 0x00007ffeafc44000 	D:\BTS SIO\Android\jre\bin\nio.dll
0x00007ffe37990000 - 0x00007ffe379b7000 	C:\Users\richa\.gradle\native\e1d6ef7f7dcc3fd88c89a11ec53ec762bb8ba0a96d01ffa2cd45eb1d1d8dd5c5\windows-amd64\native-platform.dll
0x00007ffe332a0000 - 0x00007ffe333e4000 	C:\Users\richa\.gradle\native\0d407fdbe67a94daf76414ababcb853783967236a71b16ec16e742cd7a986fd3\windows-amd64\native-platform-file-events.dll
0x00007ffeb8dc0000 - 0x00007ffeb8dca000 	D:\BTS SIO\Android\jre\bin\management.dll
0x00007ffeb8260000 - 0x00007ffeb826d000 	D:\BTS SIO\Android\jre\bin\management_ext.dll
0x00007ffebd3e0000 - 0x00007ffebd3fb000 	C:\WINDOWS\SYSTEM32\CRYPTSP.dll
0x00007ffebcc70000 - 0x00007ffebcca5000 	C:\WINDOWS\system32\rsaenh.dll
0x00007ffebd270000 - 0x00007ffebd298000 	C:\WINDOWS\SYSTEM32\USERENV.dll
0x00007ffebd590000 - 0x00007ffebd5b8000 	C:\WINDOWS\SYSTEM32\bcrypt.dll
0x00007ffebd3d0000 - 0x00007ffebd3dc000 	C:\WINDOWS\SYSTEM32\CRYPTBASE.dll
0x00007ffebc7e0000 - 0x00007ffebc80d000 	C:\WINDOWS\SYSTEM32\IPHLPAPI.DLL
0x00007ffebe690000 - 0x00007ffebe699000 	C:\WINDOWS\System32\NSI.dll
0x00007ffeb7cc0000 - 0x00007ffeb7cd9000 	C:\WINDOWS\SYSTEM32\dhcpcsvc6.DLL
0x00007ffeb7530000 - 0x00007ffeb754f000 	C:\WINDOWS\SYSTEM32\dhcpcsvc.DLL
0x00007ffebc850000 - 0x00007ffebc943000 	C:\WINDOWS\SYSTEM32\DNSAPI.dll

dbghelp: loaded successfully - version: 4.0.5 - missing functions: none
symbol engine: initialized successfully - sym options: 0x614 - pdb path: .;D:\BTS SIO\Android\jre\bin;C:\WINDOWS\SYSTEM32;C:\WINDOWS\WinSxS\amd64_microsoft.windows.common-controls_6595b64144ccf1df_6.0.22621.1635_none_270f70857386168e;D:\BTS SIO\Android\jre\bin\server;C:\Users\richa\.gradle\native\e1d6ef7f7dcc3fd88c89a11ec53ec762bb8ba0a96d01ffa2cd45eb1d1d8dd5c5\windows-amd64;C:\Users\richa\.gradle\native\0d407fdbe67a94daf76414ababcb853783967236a71b16ec16e742cd7a986fd3\windows-amd64

VM Arguments:
jvm_args: --add-opens=java.base/java.util=ALL-UNNAMED --add-opens=java.base/java.lang=ALL-UNNAMED --add-opens=java.base/java.lang.invoke=ALL-UNNAMED --add-opens=java.base/java.util=ALL-UNNAMED --add-opens=java.prefs/java.util.prefs=ALL-UNNAMED --add-opens=java.prefs/java.util.prefs=ALL-UNNAMED --add-opens=java.base/java.nio.charset=ALL-UNNAMED --add-opens=java.base/java.net=ALL-UNNAMED --add-opens=java.base/java.util.concurrent.atomic=ALL-UNNAMED -Xmx2048m -Dfile.encoding=UTF-8 -Duser.country=FR -Duser.language=fr -Duser.variant 
java_command: org.gradle.launcher.daemon.bootstrap.GradleDaemon 7.4
java_class_path (initial): C:\Users\richa\.gradle\wrapper\dists\gradle-7.4-bin\c0gwcg53nkjbqw7r0h0umtfvt\gradle-7.4\lib\gradle-launcher-7.4.jar
Launcher Type: SUN_STANDARD

[Global flags]
     intx CICompilerCount                          = 4                                         {product} {ergonomic}
     uint ConcGCThreads                            = 2                                         {product} {ergonomic}
     uint G1ConcRefinementThreads                  = 8                                         {product} {ergonomic}
   size_t G1HeapRegionSize                         = 1048576                                   {product} {ergonomic}
    uintx GCDrainStackTargetSize                   = 64                                        {product} {ergonomic}
   size_t InitialHeapSize                          = 117440512                                 {product} {ergonomic}
   size_t MarkStackSize                            = 4194304                                   {product} {ergonomic}
   size_t MaxHeapSize                              = 2147483648                                {product} {command line}
   size_t MaxNewSize                               = 1287651328                                {product} {ergonomic}
   size_t MinHeapDeltaBytes                        = 1048576                                   {product} {ergonomic}
    uintx NonNMethodCodeHeapSize                   = 5836300                                {pd product} {ergonomic}
    uintx NonProfiledCodeHeapSize                  = 122910970                              {pd product} {ergonomic}
    uintx ProfiledCodeHeapSize                     = 122910970                              {pd product} {ergonomic}
    uintx ReservedCodeCacheSize                    = 251658240                              {pd product} {ergonomic}
     bool SegmentedCodeCache                       = true                                      {product} {ergonomic}
     bool UseCompressedClassPointers               = true                                 {lp64_product} {ergonomic}
     bool UseCompressedOops                        = true                                 {lp64_product} {ergonomic}
     bool UseG1GC                                  = true                                      {product} {ergonomic}
     bool UseLargePagesIndividualAllocation        = false                                  {pd product} {ergonomic}

Logging:
Log output configuration:
 #0: stdout all=warning uptime,level,tags
 #1: stderr all=off uptime,level,tags

Environment Variables:
PATH=C:\Program Files (x86)\Common Files\Oracle\Java\javapath;C:\WINDOWS\system32;C:\WINDOWS;C:\WINDOWS\System32\Wbem;C:\WINDOWS\System32\WindowsPowerShell\v1.0\;C:\WINDOWS\System32\OpenSSH\;D:\BTS SIO\;D:\BTS SIO\Git\cmd;C:\xampp\php;C:\ProgramData\ComposerSetup\bin;C:\Users\richa\AppData\Local\Microsoft\WindowsApps;C:\Users\richa\AppData\Roaming\Composer\vendor\bin;C:\Users\richa\AppData\Local\GitHubDesktop\bin
USERNAME=richa
OS=Windows_NT
PROCESSOR_IDENTIFIER=AMD64 Family 23 Model 24 Stepping 1, AuthenticAMD



---------------  S Y S T E M  ---------------

OS: Windows 11 , 64 bit Build 22621 (10.0.22621.1635)
OS uptime: 9 days 5:05 hours

CPU:total 8 (initial active 8) (8 cores per cpu, 2 threads per core) family 23 model 24 stepping 1 microcode 0x0, cmov, cx8, fxsr, mmx, sse, sse2, sse3, ssse3, sse4.1, sse4.2, popcnt, avx, avx2, aes, clmul, mmxext, 3dnowpref, lzcnt, sse4a, ht, tsc, tscinvbit, tscinv, bmi1, bmi2, adx, sha, fma

Memory: 4k page, system-wide physical 7103M (268M free)
TotalPageFile size 15239M (AvailPageFile size 2016M)
current process WorkingSet (physical memory assigned to process): 311M, peak: 313M
current process commit charge ("private bytes"): 358M, peak: 360M

vm_info: OpenJDK 64-Bit Server VM (11.0.13+0-b1751.21-8125866) for windows-amd64 JRE (11.0.13+0-b1751.21-8125866), built on Feb  2 2022 03:00:22 by "builder" with MS VC++ 14.0 (VS2015)

END.
